[17:36:51.223] Global cache location '/home/artem/.cache/typescript/4.6', safe file path '/home/artem/.nvm/versions/node/v16.14.2/lib/node_modules/typescript/lib/typingSafeList.json', types map path /home/artem/.nvm/versions/node/v16.14.2/lib/node_modules/typescript/lib/typesMap.json
[17:36:51.224] Processing cache location '/home/artem/.cache/typescript/4.6'
[17:36:51.224] Trying to find '/home/artem/.cache/typescript/4.6/package.json'...
[17:36:51.225] Loaded content of '/home/artem/.cache/typescript/4.6/package.json': {"private":true,"dependencies":{"types-registry":"^0.1.588"},"devDependencies":{"@types/assert":"^1.5.6","@types/babel__core":"^7.1.19","@types/cookie":"^0.5.0","@types/eslint":"^8.4.1","@types/eslint-config-prettier":"^6.11.0","@types/eslint-plugin-prettier":"^3.1.0","@types/estree":"^0.0.51","@types/events":"^3.0.0","@types/lodash.castarray":"^4.4.6","@types/lodash.merge":"^4.6.6","@types/mermaid":"^8.2.9","@types/prettier":"^2.6.0","@types/prismjs":"^1.26.0","@types/react":"^18.0.3","@types/react-dom":"^18.0.0","@types/react-table":"^7.7.10","@types/sass":"^1.43.1","@types/tailwindcss":"^3.0.10","@types/ws":"^8.5.3"}}
[17:36:51.225] Loaded content of '/home/artem/.cache/typescript/4.6/package-lock.json'
[17:36:51.234] Adding entry into typings cache: 'assert' => '/home/artem/.cache/typescript/4.6/node_modules/@types/assert/index.d.ts'
[17:36:51.238] Adding entry into typings cache: 'babel__core' => '/home/artem/.cache/typescript/4.6/node_modules/@types/babel__core/index.d.ts'
[17:36:51.239] Adding entry into typings cache: 'cookie' => '/home/artem/.cache/typescript/4.6/node_modules/@types/cookie/index.d.ts'
[17:36:51.241] Adding entry into typings cache: 'eslint' => '/home/artem/.cache/typescript/4.6/node_modules/@types/eslint/index.d.ts'
[17:36:51.242] Adding entry into typings cache: 'eslint-config-prettier' => '/home/artem/.cache/typescript/4.6/node_modules/@types/eslint-config-prettier/index.d.ts'
[17:36:51.244] Adding entry into typings cache: 'eslint-plugin-prettier' => '/home/artem/.cache/typescript/4.6/node_modules/@types/eslint-plugin-prettier/index.d.ts'
[17:36:51.245] Adding entry into typings cache: 'estree' => '/home/artem/.cache/typescript/4.6/node_modules/@types/estree/index.d.ts'
[17:36:51.246] Adding entry into typings cache: 'events' => '/home/artem/.cache/typescript/4.6/node_modules/@types/events/index.d.ts'
[17:36:51.248] Adding entry into typings cache: 'lodash.castarray' => '/home/artem/.cache/typescript/4.6/node_modules/@types/lodash.castarray/index.d.ts'
[17:36:51.250] Adding entry into typings cache: 'lodash.merge' => '/home/artem/.cache/typescript/4.6/node_modules/@types/lodash.merge/index.d.ts'
[17:36:51.251] Adding entry into typings cache: 'mermaid' => '/home/artem/.cache/typescript/4.6/node_modules/@types/mermaid/index.d.ts'
[17:36:51.253] Adding entry into typings cache: 'prettier' => '/home/artem/.cache/typescript/4.6/node_modules/@types/prettier/index.d.ts'
[17:36:51.254] Adding entry into typings cache: 'prismjs' => '/home/artem/.cache/typescript/4.6/node_modules/@types/prismjs/index.d.ts'
[17:36:51.258] Adding entry into typings cache: 'react' => '/home/artem/.cache/typescript/4.6/node_modules/@types/react/index.d.ts'
[17:36:51.260] Adding entry into typings cache: 'react-dom' => '/home/artem/.cache/typescript/4.6/node_modules/@types/react-dom/index.d.ts'
[17:36:51.261] Adding entry into typings cache: 'react-table' => '/home/artem/.cache/typescript/4.6/node_modules/@types/react-table/index.d.ts'
[17:36:51.262] Adding entry into typings cache: 'sass' => '/home/artem/.cache/typescript/4.6/node_modules/@types/sass/index.d.ts'
[17:36:51.263] Adding entry into typings cache: 'tailwindcss' => '/home/artem/.cache/typescript/4.6/node_modules/@types/tailwindcss/index.d.ts'
[17:36:51.264] Adding entry into typings cache: 'ws' => '/home/artem/.cache/typescript/4.6/node_modules/@types/ws/index.d.ts'
[17:36:51.264] Finished processing cache location '/home/artem/.cache/typescript/4.6'
[17:36:51.264] Process id: 225069
[17:36:51.265] NPM location: /home/artem/.nvm/versions/node/v16.14.2/bin/npm (explicit '--npmLocation' not  provided)
[17:36:51.265] validateDefaultNpmLocation: false
[17:36:51.265] Npm config file: /home/artem/.cache/typescript/4.6/package.json
[17:36:51.265] Updating types-registry npm package...
[17:36:51.265] Exec: /home/artem/.nvm/versions/node/v16.14.2/bin/npm install --ignore-scripts types-registry@latest
[17:36:52.175]     Succeeded. stdout:
    
    up to date, audited 34 packages in 772ms

found 0 vulnerabilities

[17:36:52.175] Updated types-registry npm package
[18:06:03.062] Got install request {"projectName":"/dev/null/inferredProject1*","fileNames":[],"compilerOptions":{"module":1,"target":3,"jsx":1,"allowJs":true,"allowSyntheticDefaultImports":true,"allowNonTsExtensions":true,"noEmitForJsFiles":true},"typeAcquisition":{"enable":true,"include":[],"exclude":[]},"unresolvedImports":[],"projectRootPath":"/umetra/someoneinmyhead/src/lib","kind":"discover"}
[18:06:03.082] Loaded safelist from types map file '/home/artem/.nvm/versions/node/v16.14.2/lib/node_modules/typescript/lib/typesMap.json'
[18:06:03.083] Explicitly included types: []
[18:06:03.083] Inferred typings from unresolved imports: []
[18:06:03.084] Result: {"cachedTypingPaths":[],"newTypingNames":[],"filesToWatch":["/umetra/someoneinmyhead/src/lib/bower_components","/umetra/someoneinmyhead/src/lib/node_modules"]}
[18:06:03.084] Finished typings discovery: {"cachedTypingPaths":[],"newTypingNames":[],"filesToWatch":["/umetra/someoneinmyhead/src/lib/bower_components","/umetra/someoneinmyhead/src/lib/node_modules"]}
[18:06:03.084] DirectoryWatcher:: Added:: WatchInfo: /umetra/someoneinmyhead/src/lib/bower_components
[18:06:03.085] DirectoryWatcher:: Added:: WatchInfo: /umetra/someoneinmyhead/src/lib/bower_components 1 undefined Project: /dev/null/inferredProject1* watcher already invoked: false
[18:06:03.088] Elapsed:: 2.7800480127334595ms DirectoryWatcher:: Added:: WatchInfo: /umetra/someoneinmyhead/src/lib/bower_components 1 undefined Project: /dev/null/inferredProject1* watcher already invoked: false
[18:06:03.089] DirectoryWatcher:: Added:: WatchInfo: /umetra/someoneinmyhead/src/lib/node_modules
[18:06:03.089] DirectoryWatcher:: Added:: WatchInfo: /umetra/someoneinmyhead/src/lib/node_modules 1 undefined Project: /dev/null/inferredProject1* watcher already invoked: false
[18:06:03.089] Elapsed:: 0.24378401041030884ms DirectoryWatcher:: Added:: WatchInfo: /umetra/someoneinmyhead/src/lib/node_modules 1 undefined Project: /dev/null/inferredProject1* watcher already invoked: false
[18:06:03.089] Sending response:
    {"projectName":"/dev/null/inferredProject1*","typeAcquisition":{"enable":true,"include":[],"exclude":[]},"compilerOptions":{"module":1,"target":3,"jsx":1,"allowJs":true,"allowSyntheticDefaultImports":true,"allowNonTsExtensions":true,"noEmitForJsFiles":true},"typings":[],"unresolvedImports":[],"kind":"action::set"}
[18:06:03.090] Response has been sent.
[18:06:03.090] No new typings were requested as a result of typings discovery
[12:17:42.680] Got install request {"projectName":"/dev/null/inferredProject2*","fileNames":["/home/artem/.nvm/versions/node/v16.14.2/lib/node_modules/typescript/lib/lib.es5.d.ts","/home/artem/.nvm/versions/node/v16.14.2/lib/node_modules/typescript/lib/lib.es2015.d.ts","/home/artem/.nvm/versions/node/v16.14.2/lib/node_modules/typescript/lib/lib.es2016.d.ts","/home/artem/.nvm/versions/node/v16.14.2/lib/node_modules/typescript/lib/lib.dom.d.ts","/home/artem/.nvm/versions/node/v16.14.2/lib/node_modules/typescript/lib/lib.dom.iterable.d.ts","/home/artem/.nvm/versions/node/v16.14.2/lib/node_modules/typescript/lib/lib.webworker.importscripts.d.ts","/home/artem/.nvm/versions/node/v16.14.2/lib/node_modules/typescript/lib/lib.scripthost.d.ts","/home/artem/.nvm/versions/node/v16.14.2/lib/node_modules/typescript/lib/lib.es2015.core.d.ts","/home/artem/.nvm/versions/node/v16.14.2/lib/node_modules/typescript/lib/lib.es2015.collection.d.ts","/home/artem/.nvm/versions/node/v16.14.2/lib/node_modules/typescript/lib/lib.es2015.generator.d.ts","/home/artem/.nvm/versions/node/v16.14.2/lib/node_modules/typescript/lib/lib.es2015.iterable.d.ts","/home/artem/.nvm/versions/node/v16.14.2/lib/node_modules/typescript/lib/lib.es2015.promise.d.ts","/home/artem/.nvm/versions/node/v16.14.2/lib/node_modules/typescript/lib/lib.es2015.proxy.d.ts","/home/artem/.nvm/versions/node/v16.14.2/lib/node_modules/typescript/lib/lib.es2015.reflect.d.ts","/home/artem/.nvm/versions/node/v16.14.2/lib/node_modules/typescript/lib/lib.es2015.symbol.d.ts","/home/artem/.nvm/versions/node/v16.14.2/lib/node_modules/typescript/lib/lib.es2015.symbol.wellknown.d.ts","/home/artem/.nvm/versions/node/v16.14.2/lib/node_modules/typescript/lib/lib.es2016.array.include.d.ts","/home/artem/.nvm/versions/node/v16.14.2/lib/node_modules/typescript/lib/lib.es2016.full.d.ts","/umetra/someoneinmyhead/svelte.config.js"],"compilerOptions":{"module":1,"target":3,"jsx":1,"allowJs":true,"allowSyntheticDefaultImports":true,"allowNonTsExtensions":true,"noEmitForJsFiles":true,"maxNodeModuleJsDepth":2},"typeAcquisition":{"enable":true,"include":[],"exclude":[]},"unresolvedImports":["unified"],"projectRootPath":"/umetra/someoneinmyhead","kind":"discover"}
[12:17:42.680] Explicitly included types: []
[12:17:42.681] Typing names in '/umetra/someoneinmyhead/package.json' dependencies: ["@playwright/test","@sveltejs/adapter-auto","@sveltejs/kit","@tailwindcss/typography","@typescript-eslint/eslint-plugin","@typescript-eslint/parser","autoprefixer","eslint","eslint-config-prettier","eslint-plugin-svelte3","mdsvex","postcss","prettier","prettier-plugin-svelte","svelte","svelte-check","svelte-preprocess","tailwindcss","tslib","typescript"]
[12:17:42.681] Searching for typing names in /umetra/someoneinmyhead/node_modules; all files: ["/umetra/someoneinmyhead/node_modules/@playwright/test/package.json","/umetra/someoneinmyhead/node_modules/@sveltejs/adapter-auto/package.json","/umetra/someoneinmyhead/node_modules/@sveltejs/kit/package.json","/umetra/someoneinmyhead/node_modules/@tailwindcss/typography/package.json","/umetra/someoneinmyhead/node_modules/@typescript-eslint/eslint-plugin/package.json","/umetra/someoneinmyhead/node_modules/@typescript-eslint/parser/package.json","/umetra/someoneinmyhead/node_modules/autoprefixer/package.json","/umetra/someoneinmyhead/node_modules/eslint/package.json","/umetra/someoneinmyhead/node_modules/eslint-config-prettier/package.json","/umetra/someoneinmyhead/node_modules/eslint-plugin-svelte3/package.json","/umetra/someoneinmyhead/node_modules/mdsvex/package.json","/umetra/someoneinmyhead/node_modules/postcss/package.json","/umetra/someoneinmyhead/node_modules/prettier/package.json","/umetra/someoneinmyhead/node_modules/prettier-plugin-svelte/package.json","/umetra/someoneinmyhead/node_modules/svelte/package.json","/umetra/someoneinmyhead/node_modules/svelte-check/package.json","/umetra/someoneinmyhead/node_modules/svelte-preprocess/package.json","/umetra/someoneinmyhead/node_modules/tailwindcss/package.json","/umetra/someoneinmyhead/node_modules/tslib/package.json","/umetra/someoneinmyhead/node_modules/typescript/package.json"]
[12:17:42.683]     Package '@sveltejs/adapter-auto' provides its own types.
[12:17:42.685]     Package '@sveltejs/kit' provides its own types.
[12:17:42.688]     Package '@typescript-eslint/eslint-plugin' provides its own types.
[12:17:42.690]     Package '@typescript-eslint/parser' provides its own types.
[12:17:42.691]     Package 'autoprefixer' provides its own types.
[12:17:42.698]     Package 'postcss' provides its own types.
[12:17:42.702]     Package 'svelte' provides its own types.
[12:17:42.705]     Package 'svelte-preprocess' provides its own types.
[12:17:42.709]     Package 'tslib' provides its own types.
[12:17:42.712]     Package 'typescript' provides its own types.
[12:17:42.712]     Found package names: ["@playwright/test","@tailwindcss/typography","eslint","eslint-config-prettier","eslint-plugin-svelte3","mdsvex","prettier","prettier-plugin-svelte","svelte-check","tailwindcss"]
[12:17:42.713] Inferred typings from unresolved imports: ["unified"]
[12:17:42.713] Result: {"cachedTypingPaths":["/umetra/someoneinmyhead/node_modules/@sveltejs/adapter-auto/index.d.ts","/umetra/someoneinmyhead/node_modules/@sveltejs/kit/types/index.d.ts","/umetra/someoneinmyhead/node_modules/@typescript-eslint/eslint-plugin/index.d.ts","/umetra/someoneinmyhead/node_modules/@typescript-eslint/parser/dist/index.d.ts","/umetra/someoneinmyhead/node_modules/autoprefixer/lib/autoprefixer.d.ts","/home/artem/.cache/typescript/4.6/node_modules/@types/eslint/index.d.ts","/home/artem/.cache/typescript/4.6/node_modules/@types/eslint-config-prettier/index.d.ts","/umetra/someoneinmyhead/node_modules/postcss/lib/postcss.d.ts","/home/artem/.cache/typescript/4.6/node_modules/@types/prettier/index.d.ts","/umetra/someoneinmyhead/node_modules/svelte/types/runtime/index.d.ts","/umetra/someoneinmyhead/node_modules/svelte-preprocess/dist/index.d.ts","/home/artem/.cache/typescript/4.6/node_modules/@types/tailwindcss/index.d.ts","/umetra/someoneinmyhead/node_modules/tslib/tslib.d.ts","/umetra/someoneinmyhead/node_modules/typescript/lib/typescript.d.ts"],"newTypingNames":["@playwright/test","@tailwindcss/typography","eslint-plugin-svelte3","mdsvex","prettier-plugin-svelte","svelte-check","unified"],"filesToWatch":["/umetra/someoneinmyhead/bower_components","/umetra/someoneinmyhead/package.json","/umetra/someoneinmyhead/node_modules"]}
[12:17:42.713] Finished typings discovery: {"cachedTypingPaths":["/umetra/someoneinmyhead/node_modules/@sveltejs/adapter-auto/index.d.ts","/umetra/someoneinmyhead/node_modules/@sveltejs/kit/types/index.d.ts","/umetra/someoneinmyhead/node_modules/@typescript-eslint/eslint-plugin/index.d.ts","/umetra/someoneinmyhead/node_modules/@typescript-eslint/parser/dist/index.d.ts","/umetra/someoneinmyhead/node_modules/autoprefixer/lib/autoprefixer.d.ts","/home/artem/.cache/typescript/4.6/node_modules/@types/eslint/index.d.ts","/home/artem/.cache/typescript/4.6/node_modules/@types/eslint-config-prettier/index.d.ts","/umetra/someoneinmyhead/node_modules/postcss/lib/postcss.d.ts","/home/artem/.cache/typescript/4.6/node_modules/@types/prettier/index.d.ts","/umetra/someoneinmyhead/node_modules/svelte/types/runtime/index.d.ts","/umetra/someoneinmyhead/node_modules/svelte-preprocess/dist/index.d.ts","/home/artem/.cache/typescript/4.6/node_modules/@types/tailwindcss/index.d.ts","/umetra/someoneinmyhead/node_modules/tslib/tslib.d.ts","/umetra/someoneinmyhead/node_modules/typescript/lib/typescript.d.ts"],"newTypingNames":["@playwright/test","@tailwindcss/typography","eslint-plugin-svelte3","mdsvex","prettier-plugin-svelte","svelte-check","unified"],"filesToWatch":["/umetra/someoneinmyhead/bower_components","/umetra/someoneinmyhead/package.json","/umetra/someoneinmyhead/node_modules"]}
[12:17:42.713] DirectoryWatcher:: Added:: WatchInfo: /umetra/someoneinmyhead/bower_components
[12:17:42.713] DirectoryWatcher:: Added:: WatchInfo: /umetra/someoneinmyhead/bower_components 1 undefined Project: /dev/null/inferredProject2* watcher already invoked: false
[12:17:42.714] Elapsed:: 0.1229420006275177ms DirectoryWatcher:: Added:: WatchInfo: /umetra/someoneinmyhead/bower_components 1 undefined Project: /dev/null/inferredProject2* watcher already invoked: false
[12:17:42.714] FileWatcher:: Added:: WatchInfo: /umetra/someoneinmyhead/package.json
[12:17:42.714] FileWatcher:: Added:: WatchInfo: /umetra/someoneinmyhead/package.json 2000 undefined Project: /dev/null/inferredProject2* watcher already invoked: false
[12:17:42.714] DirectoryWatcher:: Added:: WatchInfo: /umetra/someoneinmyhead/node_modules
[12:17:42.714] DirectoryWatcher:: Added:: WatchInfo: /umetra/someoneinmyhead/node_modules 1 undefined Project: /dev/null/inferredProject2* watcher already invoked: false
[12:17:42.828] Elapsed:: 114.43130698800087ms DirectoryWatcher:: Added:: WatchInfo: /umetra/someoneinmyhead/node_modules 1 undefined Project: /dev/null/inferredProject2* watcher already invoked: false
[12:17:42.829] Installing typings ["@playwright/test","@tailwindcss/typography","eslint-plugin-svelte3","mdsvex","prettier-plugin-svelte","svelte-check","unified"]
[12:17:42.829] '@playwright/test':: Entry for package 'playwright__test' does not exist in local types registry - skipping...
[12:17:42.829] '@tailwindcss/typography':: Entry for package 'tailwindcss__typography' does not exist in local types registry - skipping...
[12:17:42.829] 'eslint-plugin-svelte3':: Entry for package 'eslint-plugin-svelte3' does not exist in local types registry - skipping...
[12:17:42.829] 'mdsvex':: Entry for package 'mdsvex' does not exist in local types registry - skipping...
[12:17:42.829] 'prettier-plugin-svelte':: Entry for package 'prettier-plugin-svelte' does not exist in local types registry - skipping...
[12:17:42.829] 'svelte-check':: Entry for package 'svelte-check' does not exist in local types registry - skipping...
[12:17:42.829] 'unified':: Entry for package 'unified' does not exist in local types registry - skipping...
[12:17:42.829] All typings are known to be missing or invalid - no need to install more typings
[12:17:42.829] Sending response:
    {"projectName":"/dev/null/inferredProject2*","typeAcquisition":{"enable":true,"include":[],"exclude":[]},"compilerOptions":{"module":1,"target":3,"jsx":1,"allowJs":true,"allowSyntheticDefaultImports":true,"allowNonTsExtensions":true,"noEmitForJsFiles":true,"maxNodeModuleJsDepth":2},"typings":["/umetra/someoneinmyhead/node_modules/@sveltejs/adapter-auto/index.d.ts","/umetra/someoneinmyhead/node_modules/@sveltejs/kit/types/index.d.ts","/umetra/someoneinmyhead/node_modules/@typescript-eslint/eslint-plugin/index.d.ts","/umetra/someoneinmyhead/node_modules/@typescript-eslint/parser/dist/index.d.ts","/umetra/someoneinmyhead/node_modules/autoprefixer/lib/autoprefixer.d.ts","/home/artem/.cache/typescript/4.6/node_modules/@types/eslint/index.d.ts","/home/artem/.cache/typescript/4.6/node_modules/@types/eslint-config-prettier/index.d.ts","/umetra/someoneinmyhead/node_modules/postcss/lib/postcss.d.ts","/home/artem/.cache/typescript/4.6/node_modules/@types/prettier/index.d.ts","/umetra/someoneinmyhead/node_modules/svelte/types/runtime/index.d.ts","/umetra/someoneinmyhead/node_modules/svelte-preprocess/dist/index.d.ts","/home/artem/.cache/typescript/4.6/node_modules/@types/tailwindcss/index.d.ts","/umetra/someoneinmyhead/node_modules/tslib/tslib.d.ts","/umetra/someoneinmyhead/node_modules/typescript/lib/typescript.d.ts"],"unresolvedImports":["unified"],"kind":"action::set"}
[12:17:42.829] Response has been sent.
[12:17:43.541] Got install request {"projectName":"/dev/null/inferredProject2*","fileNames":["/home/artem/.nvm/versions/node/v16.14.2/lib/node_modules/typescript/lib/lib.es5.d.ts","/home/artem/.nvm/versions/node/v16.14.2/lib/node_modules/typescript/lib/lib.es2015.d.ts","/home/artem/.nvm/versions/node/v16.14.2/lib/node_modules/typescript/lib/lib.es2016.d.ts","/home/artem/.nvm/versions/node/v16.14.2/lib/node_modules/typescript/lib/lib.dom.d.ts","/home/artem/.nvm/versions/node/v16.14.2/lib/node_modules/typescript/lib/lib.dom.iterable.d.ts","/home/artem/.nvm/versions/node/v16.14.2/lib/node_modules/typescript/lib/lib.webworker.importscripts.d.ts","/home/artem/.nvm/versions/node/v16.14.2/lib/node_modules/typescript/lib/lib.scripthost.d.ts","/home/artem/.nvm/versions/node/v16.14.2/lib/node_modules/typescript/lib/lib.es2015.core.d.ts","/home/artem/.nvm/versions/node/v16.14.2/lib/node_modules/typescript/lib/lib.es2015.collection.d.ts","/home/artem/.nvm/versions/node/v16.14.2/lib/node_modules/typescript/lib/lib.es2015.generator.d.ts","/home/artem/.nvm/versions/node/v16.14.2/lib/node_modules/typescript/lib/lib.es2015.iterable.d.ts","/home/artem/.nvm/versions/node/v16.14.2/lib/node_modules/typescript/lib/lib.es2015.promise.d.ts","/home/artem/.nvm/versions/node/v16.14.2/lib/node_modules/typescript/lib/lib.es2015.proxy.d.ts","/home/artem/.nvm/versions/node/v16.14.2/lib/node_modules/typescript/lib/lib.es2015.reflect.d.ts","/home/artem/.nvm/versions/node/v16.14.2/lib/node_modules/typescript/lib/lib.es2015.symbol.d.ts","/home/artem/.nvm/versions/node/v16.14.2/lib/node_modules/typescript/lib/lib.es2015.symbol.wellknown.d.ts","/home/artem/.nvm/versions/node/v16.14.2/lib/node_modules/typescript/lib/lib.es2016.array.include.d.ts","/home/artem/.nvm/versions/node/v16.14.2/lib/node_modules/typescript/lib/lib.es2016.full.d.ts","/umetra/someoneinmyhead/node_modules/svelte/types/runtime/index.d.ts","/umetra/someoneinmyhead/node_modules/postcss/lib/postcss.d.ts","/umetra/someoneinmyhead/node_modules/@sveltejs/kit/types/index.d.ts","/umetra/someoneinmyhead/node_modules/@sveltejs/adapter-auto/index.d.ts","/umetra/someoneinmyhead/node_modules/svelte-preprocess/dist/index.d.ts","/umetra/someoneinmyhead/svelte.config.js","/home/artem/.cache/typescript/4.6/node_modules/@types/eslint-config-prettier/index.d.ts","/home/artem/.cache/typescript/4.6/node_modules/@types/eslint/helpers.d.ts","/home/artem/.cache/typescript/4.6/node_modules/@types/eslint/index.d.ts","/home/artem/.cache/typescript/4.6/node_modules/@types/prettier/index.d.ts","/home/artem/.cache/typescript/4.6/node_modules/@types/tailwindcss/index.d.ts","/umetra/someoneinmyhead/node_modules/typescript/lib/typescript.d.ts","/umetra/someoneinmyhead/node_modules/@typescript-eslint/eslint-plugin/index.d.ts","/umetra/someoneinmyhead/node_modules/@typescript-eslint/parser/dist/index.d.ts","/umetra/someoneinmyhead/node_modules/autoprefixer/lib/autoprefixer.d.ts","/umetra/someoneinmyhead/node_modules/tslib/tslib.d.ts"],"compilerOptions":{"module":1,"target":3,"jsx":1,"allowJs":true,"allowSyntheticDefaultImports":true,"allowNonTsExtensions":true,"noEmitForJsFiles":true,"maxNodeModuleJsDepth":2},"typeAcquisition":{"enable":true,"include":[],"exclude":[]},"unresolvedImports":["unified"],"projectRootPath":"/umetra/someoneinmyhead","kind":"discover"}
[12:17:43.541] Explicitly included types: []
[12:17:43.543] Typing names in '/umetra/someoneinmyhead/package.json' dependencies: ["@playwright/test","@sveltejs/adapter-auto","@sveltejs/kit","@tailwindcss/typography","@typescript-eslint/eslint-plugin","@typescript-eslint/parser","autoprefixer","eslint","eslint-config-prettier","eslint-plugin-svelte3","mdsvex","postcss","prettier","prettier-plugin-svelte","svelte","svelte-check","svelte-preprocess","tailwindcss","tslib","typescript"]
[12:17:43.543] Searching for typing names in /umetra/someoneinmyhead/node_modules; all files: ["/umetra/someoneinmyhead/node_modules/@playwright/test/package.json","/umetra/someoneinmyhead/node_modules/@sveltejs/adapter-auto/package.json","/umetra/someoneinmyhead/node_modules/@sveltejs/kit/package.json","/umetra/someoneinmyhead/node_modules/@tailwindcss/typography/package.json","/umetra/someoneinmyhead/node_modules/@typescript-eslint/eslint-plugin/package.json","/umetra/someoneinmyhead/node_modules/@typescript-eslint/parser/package.json","/umetra/someoneinmyhead/node_modules/autoprefixer/package.json","/umetra/someoneinmyhead/node_modules/eslint/package.json","/umetra/someoneinmyhead/node_modules/eslint-config-prettier/package.json","/umetra/someoneinmyhead/node_modules/eslint-plugin-svelte3/package.json","/umetra/someoneinmyhead/node_modules/mdsvex/package.json","/umetra/someoneinmyhead/node_modules/postcss/package.json","/umetra/someoneinmyhead/node_modules/prettier/package.json","/umetra/someoneinmyhead/node_modules/prettier-plugin-svelte/package.json","/umetra/someoneinmyhead/node_modules/svelte/package.json","/umetra/someoneinmyhead/node_modules/svelte-check/package.json","/umetra/someoneinmyhead/node_modules/svelte-preprocess/package.json","/umetra/someoneinmyhead/node_modules/tailwindcss/package.json","/umetra/someoneinmyhead/node_modules/tslib/package.json","/umetra/someoneinmyhead/node_modules/typescript/package.json"]
[12:17:43.545]     Package '@sveltejs/adapter-auto' provides its own types.
[12:17:43.549]     Package '@sveltejs/kit' provides its own types.
[12:17:43.552]     Package '@typescript-eslint/eslint-plugin' provides its own types.
[12:17:43.554]     Package '@typescript-eslint/parser' provides its own types.
[12:17:43.555]     Package 'autoprefixer' provides its own types.
[12:17:43.575]     Package 'postcss' provides its own types.
[12:17:43.580]     Package 'svelte' provides its own types.
[12:17:43.582]     Package 'svelte-preprocess' provides its own types.
[12:17:43.583]     Package 'tslib' provides its own types.
[12:17:43.585]     Package 'typescript' provides its own types.
[12:17:43.585]     Found package names: ["@playwright/test","@tailwindcss/typography","eslint","eslint-config-prettier","eslint-plugin-svelte3","mdsvex","prettier","prettier-plugin-svelte","svelte-check","tailwindcss"]
[12:17:43.585] Inferred typings from unresolved imports: ["unified"]
[12:17:43.585] Result: {"cachedTypingPaths":["/umetra/someoneinmyhead/node_modules/@sveltejs/adapter-auto/index.d.ts","/umetra/someoneinmyhead/node_modules/@sveltejs/kit/types/index.d.ts","/umetra/someoneinmyhead/node_modules/@typescript-eslint/eslint-plugin/index.d.ts","/umetra/someoneinmyhead/node_modules/@typescript-eslint/parser/dist/index.d.ts","/umetra/someoneinmyhead/node_modules/autoprefixer/lib/autoprefixer.d.ts","/home/artem/.cache/typescript/4.6/node_modules/@types/eslint/index.d.ts","/home/artem/.cache/typescript/4.6/node_modules/@types/eslint-config-prettier/index.d.ts","/umetra/someoneinmyhead/node_modules/postcss/lib/postcss.d.ts","/home/artem/.cache/typescript/4.6/node_modules/@types/prettier/index.d.ts","/umetra/someoneinmyhead/node_modules/svelte/types/runtime/index.d.ts","/umetra/someoneinmyhead/node_modules/svelte-preprocess/dist/index.d.ts","/home/artem/.cache/typescript/4.6/node_modules/@types/tailwindcss/index.d.ts","/umetra/someoneinmyhead/node_modules/tslib/tslib.d.ts","/umetra/someoneinmyhead/node_modules/typescript/lib/typescript.d.ts"],"newTypingNames":["@playwright/test","@tailwindcss/typography","eslint-plugin-svelte3","mdsvex","prettier-plugin-svelte","svelte-check","unified"],"filesToWatch":["/umetra/someoneinmyhead/bower_components","/umetra/someoneinmyhead/package.json","/umetra/someoneinmyhead/node_modules"]}
[12:17:43.585] Finished typings discovery: {"cachedTypingPaths":["/umetra/someoneinmyhead/node_modules/@sveltejs/adapter-auto/index.d.ts","/umetra/someoneinmyhead/node_modules/@sveltejs/kit/types/index.d.ts","/umetra/someoneinmyhead/node_modules/@typescript-eslint/eslint-plugin/index.d.ts","/umetra/someoneinmyhead/node_modules/@typescript-eslint/parser/dist/index.d.ts","/umetra/someoneinmyhead/node_modules/autoprefixer/lib/autoprefixer.d.ts","/home/artem/.cache/typescript/4.6/node_modules/@types/eslint/index.d.ts","/home/artem/.cache/typescript/4.6/node_modules/@types/eslint-config-prettier/index.d.ts","/umetra/someoneinmyhead/node_modules/postcss/lib/postcss.d.ts","/home/artem/.cache/typescript/4.6/node_modules/@types/prettier/index.d.ts","/umetra/someoneinmyhead/node_modules/svelte/types/runtime/index.d.ts","/umetra/someoneinmyhead/node_modules/svelte-preprocess/dist/index.d.ts","/home/artem/.cache/typescript/4.6/node_modules/@types/tailwindcss/index.d.ts","/umetra/someoneinmyhead/node_modules/tslib/tslib.d.ts","/umetra/someoneinmyhead/node_modules/typescript/lib/typescript.d.ts"],"newTypingNames":["@playwright/test","@tailwindcss/typography","eslint-plugin-svelte3","mdsvex","prettier-plugin-svelte","svelte-check","unified"],"filesToWatch":["/umetra/someoneinmyhead/bower_components","/umetra/someoneinmyhead/package.json","/umetra/someoneinmyhead/node_modules"]}
[12:17:43.585] Installing typings ["@playwright/test","@tailwindcss/typography","eslint-plugin-svelte3","mdsvex","prettier-plugin-svelte","svelte-check","unified"]
[12:17:43.585] '@playwright/test':: Entry for package 'playwright__test' does not exist in local types registry - skipping...
[12:17:43.586] '@tailwindcss/typography':: Entry for package 'tailwindcss__typography' does not exist in local types registry - skipping...
[12:17:43.586] 'eslint-plugin-svelte3':: Entry for package 'eslint-plugin-svelte3' does not exist in local types registry - skipping...
[12:17:43.586] 'mdsvex':: Entry for package 'mdsvex' does not exist in local types registry - skipping...
[12:17:43.586] 'prettier-plugin-svelte':: Entry for package 'prettier-plugin-svelte' does not exist in local types registry - skipping...
[12:17:43.586] 'svelte-check':: Entry for package 'svelte-check' does not exist in local types registry - skipping...
[12:17:43.586] 'unified':: Entry for package 'unified' does not exist in local types registry - skipping...
[12:17:43.586] All typings are known to be missing or invalid - no need to install more typings
[12:17:43.586] Sending response:
    {"projectName":"/dev/null/inferredProject2*","typeAcquisition":{"enable":true,"include":[],"exclude":[]},"compilerOptions":{"module":1,"target":3,"jsx":1,"allowJs":true,"allowSyntheticDefaultImports":true,"allowNonTsExtensions":true,"noEmitForJsFiles":true,"maxNodeModuleJsDepth":2},"typings":["/umetra/someoneinmyhead/node_modules/@sveltejs/adapter-auto/index.d.ts","/umetra/someoneinmyhead/node_modules/@sveltejs/kit/types/index.d.ts","/umetra/someoneinmyhead/node_modules/@typescript-eslint/eslint-plugin/index.d.ts","/umetra/someoneinmyhead/node_modules/@typescript-eslint/parser/dist/index.d.ts","/umetra/someoneinmyhead/node_modules/autoprefixer/lib/autoprefixer.d.ts","/home/artem/.cache/typescript/4.6/node_modules/@types/eslint/index.d.ts","/home/artem/.cache/typescript/4.6/node_modules/@types/eslint-config-prettier/index.d.ts","/umetra/someoneinmyhead/node_modules/postcss/lib/postcss.d.ts","/home/artem/.cache/typescript/4.6/node_modules/@types/prettier/index.d.ts","/umetra/someoneinmyhead/node_modules/svelte/types/runtime/index.d.ts","/umetra/someoneinmyhead/node_modules/svelte-preprocess/dist/index.d.ts","/home/artem/.cache/typescript/4.6/node_modules/@types/tailwindcss/index.d.ts","/umetra/someoneinmyhead/node_modules/tslib/tslib.d.ts","/umetra/someoneinmyhead/node_modules/typescript/lib/typescript.d.ts"],"unresolvedImports":["unified"],"kind":"action::set"}
[12:17:43.586] Response has been sent.
