[22:27:04.952] Global cache location '/home/artem/.cache/typescript/4.6', safe file path '/home/artem/.nvm/versions/node/v16.14.2/lib/node_modules/typescript/lib/typingSafeList.json', types map path /home/artem/.nvm/versions/node/v16.14.2/lib/node_modules/typescript/lib/typesMap.json
[22:27:04.953] Processing cache location '/home/artem/.cache/typescript/4.6'
[22:27:04.953] Trying to find '/home/artem/.cache/typescript/4.6/package.json'...
[22:27:04.954] Loaded content of '/home/artem/.cache/typescript/4.6/package.json': {"private":true,"dependencies":{"types-registry":"^0.1.588"},"devDependencies":{"@types/assert":"^1.5.6","@types/babel__core":"^7.1.19","@types/cookie":"^0.5.0","@types/eslint":"^8.4.1","@types/eslint-config-prettier":"^6.11.0","@types/eslint-plugin-prettier":"^3.1.0","@types/estree":"^0.0.51","@types/events":"^3.0.0","@types/lodash.castarray":"^4.4.6","@types/lodash.merge":"^4.6.6","@types/mermaid":"^8.2.9","@types/prettier":"^2.6.0","@types/prismjs":"^1.26.0","@types/react":"^18.0.3","@types/react-dom":"^18.0.0","@types/react-table":"^7.7.10","@types/sass":"^1.43.1","@types/tailwindcss":"^3.0.10","@types/ws":"^8.5.3"}}
[22:27:04.955] Loaded content of '/home/artem/.cache/typescript/4.6/package-lock.json'
[22:27:04.965] Adding entry into typings cache: 'assert' => '/home/artem/.cache/typescript/4.6/node_modules/@types/assert/index.d.ts'
[22:27:04.967] Adding entry into typings cache: 'babel__core' => '/home/artem/.cache/typescript/4.6/node_modules/@types/babel__core/index.d.ts'
[22:27:04.968] Adding entry into typings cache: 'cookie' => '/home/artem/.cache/typescript/4.6/node_modules/@types/cookie/index.d.ts'
[22:27:04.970] Adding entry into typings cache: 'eslint' => '/home/artem/.cache/typescript/4.6/node_modules/@types/eslint/index.d.ts'
[22:27:04.971] Adding entry into typings cache: 'eslint-config-prettier' => '/home/artem/.cache/typescript/4.6/node_modules/@types/eslint-config-prettier/index.d.ts'
[22:27:04.972] Adding entry into typings cache: 'eslint-plugin-prettier' => '/home/artem/.cache/typescript/4.6/node_modules/@types/eslint-plugin-prettier/index.d.ts'
[22:27:04.973] Adding entry into typings cache: 'estree' => '/home/artem/.cache/typescript/4.6/node_modules/@types/estree/index.d.ts'
[22:27:04.974] Adding entry into typings cache: 'events' => '/home/artem/.cache/typescript/4.6/node_modules/@types/events/index.d.ts'
[22:27:04.975] Adding entry into typings cache: 'lodash.castarray' => '/home/artem/.cache/typescript/4.6/node_modules/@types/lodash.castarray/index.d.ts'
[22:27:04.977] Adding entry into typings cache: 'lodash.merge' => '/home/artem/.cache/typescript/4.6/node_modules/@types/lodash.merge/index.d.ts'
[22:27:04.978] Adding entry into typings cache: 'mermaid' => '/home/artem/.cache/typescript/4.6/node_modules/@types/mermaid/index.d.ts'
[22:27:04.979] Adding entry into typings cache: 'prettier' => '/home/artem/.cache/typescript/4.6/node_modules/@types/prettier/index.d.ts'
[22:27:04.980] Adding entry into typings cache: 'prismjs' => '/home/artem/.cache/typescript/4.6/node_modules/@types/prismjs/index.d.ts'
[22:27:04.984] Adding entry into typings cache: 'react' => '/home/artem/.cache/typescript/4.6/node_modules/@types/react/index.d.ts'
[22:27:04.985] Adding entry into typings cache: 'react-dom' => '/home/artem/.cache/typescript/4.6/node_modules/@types/react-dom/index.d.ts'
[22:27:04.986] Adding entry into typings cache: 'react-table' => '/home/artem/.cache/typescript/4.6/node_modules/@types/react-table/index.d.ts'
[22:27:04.987] Adding entry into typings cache: 'sass' => '/home/artem/.cache/typescript/4.6/node_modules/@types/sass/index.d.ts'
[22:27:04.988] Adding entry into typings cache: 'tailwindcss' => '/home/artem/.cache/typescript/4.6/node_modules/@types/tailwindcss/index.d.ts'
[22:27:04.989] Adding entry into typings cache: 'ws' => '/home/artem/.cache/typescript/4.6/node_modules/@types/ws/index.d.ts'
[22:27:04.989] Finished processing cache location '/home/artem/.cache/typescript/4.6'
[22:27:04.989] Process id: 212001
[22:27:04.989] NPM location: /home/artem/.nvm/versions/node/v16.14.2/bin/npm (explicit '--npmLocation' not  provided)
[22:27:04.990] validateDefaultNpmLocation: false
[22:27:04.990] Npm config file: /home/artem/.cache/typescript/4.6/package.json
[22:27:04.990] Updating types-registry npm package...
[22:27:04.990] Exec: /home/artem/.nvm/versions/node/v16.14.2/bin/npm install --ignore-scripts types-registry@latest
[22:27:05.877]     Succeeded. stdout:
    
    up to date, audited 34 packages in 739ms

found 0 vulnerabilities

[22:27:05.877] Updated types-registry npm package
[22:27:07.467] Got install request {"projectName":"/dev/null/inferredProject1*","fileNames":["/home/artem/.nvm/versions/node/v16.14.2/lib/node_modules/typescript/lib/lib.es5.d.ts","/home/artem/.nvm/versions/node/v16.14.2/lib/node_modules/typescript/lib/lib.es2015.d.ts","/home/artem/.nvm/versions/node/v16.14.2/lib/node_modules/typescript/lib/lib.es2016.d.ts","/home/artem/.nvm/versions/node/v16.14.2/lib/node_modules/typescript/lib/lib.dom.d.ts","/home/artem/.nvm/versions/node/v16.14.2/lib/node_modules/typescript/lib/lib.dom.iterable.d.ts","/home/artem/.nvm/versions/node/v16.14.2/lib/node_modules/typescript/lib/lib.webworker.importscripts.d.ts","/home/artem/.nvm/versions/node/v16.14.2/lib/node_modules/typescript/lib/lib.scripthost.d.ts","/home/artem/.nvm/versions/node/v16.14.2/lib/node_modules/typescript/lib/lib.es2015.core.d.ts","/home/artem/.nvm/versions/node/v16.14.2/lib/node_modules/typescript/lib/lib.es2015.collection.d.ts","/home/artem/.nvm/versions/node/v16.14.2/lib/node_modules/typescript/lib/lib.es2015.generator.d.ts","/home/artem/.nvm/versions/node/v16.14.2/lib/node_modules/typescript/lib/lib.es2015.iterable.d.ts","/home/artem/.nvm/versions/node/v16.14.2/lib/node_modules/typescript/lib/lib.es2015.promise.d.ts","/home/artem/.nvm/versions/node/v16.14.2/lib/node_modules/typescript/lib/lib.es2015.proxy.d.ts","/home/artem/.nvm/versions/node/v16.14.2/lib/node_modules/typescript/lib/lib.es2015.reflect.d.ts","/home/artem/.nvm/versions/node/v16.14.2/lib/node_modules/typescript/lib/lib.es2015.symbol.d.ts","/home/artem/.nvm/versions/node/v16.14.2/lib/node_modules/typescript/lib/lib.es2015.symbol.wellknown.d.ts","/home/artem/.nvm/versions/node/v16.14.2/lib/node_modules/typescript/lib/lib.es2016.array.include.d.ts","/home/artem/.nvm/versions/node/v16.14.2/lib/node_modules/typescript/lib/lib.es2016.full.d.ts","/umetra/someoneinmyhead/svelte.config.js"],"compilerOptions":{"module":1,"target":3,"jsx":1,"allowJs":true,"allowSyntheticDefaultImports":true,"allowNonTsExtensions":true,"noEmitForJsFiles":true,"maxNodeModuleJsDepth":2},"typeAcquisition":{"enable":true,"include":[],"exclude":[]},"unresolvedImports":["unified"],"projectRootPath":"/umetra/someoneinmyhead","kind":"discover"}
[22:27:07.484] Loaded safelist from types map file '/home/artem/.nvm/versions/node/v16.14.2/lib/node_modules/typescript/lib/typesMap.json'
[22:27:07.484] Explicitly included types: []
[22:27:07.486] Typing names in '/umetra/someoneinmyhead/package.json' dependencies: ["@playwright/test","@sveltejs/adapter-auto","@sveltejs/kit","@tailwindcss/typography","@typescript-eslint/eslint-plugin","@typescript-eslint/parser","autoprefixer","eslint","eslint-config-prettier","eslint-plugin-svelte3","mdsvex","postcss","prettier","prettier-plugin-svelte","svelte","svelte-check","svelte-preprocess","tailwindcss","tslib","typescript"]
[22:27:07.486] Searching for typing names in /umetra/someoneinmyhead/node_modules; all files: ["/umetra/someoneinmyhead/node_modules/@playwright/test/package.json","/umetra/someoneinmyhead/node_modules/@sveltejs/adapter-auto/package.json","/umetra/someoneinmyhead/node_modules/@sveltejs/kit/package.json","/umetra/someoneinmyhead/node_modules/@tailwindcss/typography/package.json","/umetra/someoneinmyhead/node_modules/@typescript-eslint/eslint-plugin/package.json","/umetra/someoneinmyhead/node_modules/@typescript-eslint/parser/package.json","/umetra/someoneinmyhead/node_modules/autoprefixer/package.json","/umetra/someoneinmyhead/node_modules/eslint/package.json","/umetra/someoneinmyhead/node_modules/eslint-config-prettier/package.json","/umetra/someoneinmyhead/node_modules/eslint-plugin-svelte3/package.json","/umetra/someoneinmyhead/node_modules/mdsvex/package.json","/umetra/someoneinmyhead/node_modules/postcss/package.json","/umetra/someoneinmyhead/node_modules/prettier/package.json","/umetra/someoneinmyhead/node_modules/prettier-plugin-svelte/package.json","/umetra/someoneinmyhead/node_modules/svelte/package.json","/umetra/someoneinmyhead/node_modules/svelte-check/package.json","/umetra/someoneinmyhead/node_modules/svelte-preprocess/package.json","/umetra/someoneinmyhead/node_modules/tailwindcss/package.json","/umetra/someoneinmyhead/node_modules/tslib/package.json","/umetra/someoneinmyhead/node_modules/typescript/package.json"]
[22:27:07.488]     Package '@sveltejs/adapter-auto' provides its own types.
[22:27:07.490]     Package '@sveltejs/kit' provides its own types.
[22:27:07.493]     Package '@typescript-eslint/eslint-plugin' provides its own types.
[22:27:07.494]     Package '@typescript-eslint/parser' provides its own types.
[22:27:07.495]     Package 'autoprefixer' provides its own types.
[22:27:07.505]     Package 'postcss' provides its own types.
[22:27:07.511]     Package 'svelte' provides its own types.
[22:27:07.515]     Package 'svelte-preprocess' provides its own types.
[22:27:07.518]     Package 'tslib' provides its own types.
[22:27:07.522]     Package 'typescript' provides its own types.
[22:27:07.522]     Found package names: ["@playwright/test","@tailwindcss/typography","eslint","eslint-config-prettier","eslint-plugin-svelte3","mdsvex","prettier","prettier-plugin-svelte","svelte-check","tailwindcss"]
[22:27:07.523] Inferred typings from unresolved imports: ["unified"]
[22:27:07.523] Result: {"cachedTypingPaths":["/umetra/someoneinmyhead/node_modules/@sveltejs/adapter-auto/index.d.ts","/umetra/someoneinmyhead/node_modules/@sveltejs/kit/types/index.d.ts","/umetra/someoneinmyhead/node_modules/@typescript-eslint/eslint-plugin/index.d.ts","/umetra/someoneinmyhead/node_modules/@typescript-eslint/parser/dist/index.d.ts","/umetra/someoneinmyhead/node_modules/autoprefixer/lib/autoprefixer.d.ts","/home/artem/.cache/typescript/4.6/node_modules/@types/eslint/index.d.ts","/home/artem/.cache/typescript/4.6/node_modules/@types/eslint-config-prettier/index.d.ts","/umetra/someoneinmyhead/node_modules/postcss/lib/postcss.d.ts","/home/artem/.cache/typescript/4.6/node_modules/@types/prettier/index.d.ts","/umetra/someoneinmyhead/node_modules/svelte/types/runtime/index.d.ts","/umetra/someoneinmyhead/node_modules/svelte-preprocess/dist/index.d.ts","/home/artem/.cache/typescript/4.6/node_modules/@types/tailwindcss/index.d.ts","/umetra/someoneinmyhead/node_modules/tslib/tslib.d.ts","/umetra/someoneinmyhead/node_modules/typescript/lib/typescript.d.ts"],"newTypingNames":["@playwright/test","@tailwindcss/typography","eslint-plugin-svelte3","mdsvex","prettier-plugin-svelte","svelte-check","unified"],"filesToWatch":["/umetra/someoneinmyhead/bower_components","/umetra/someoneinmyhead/package.json","/umetra/someoneinmyhead/node_modules"]}
[22:27:07.523] Finished typings discovery: {"cachedTypingPaths":["/umetra/someoneinmyhead/node_modules/@sveltejs/adapter-auto/index.d.ts","/umetra/someoneinmyhead/node_modules/@sveltejs/kit/types/index.d.ts","/umetra/someoneinmyhead/node_modules/@typescript-eslint/eslint-plugin/index.d.ts","/umetra/someoneinmyhead/node_modules/@typescript-eslint/parser/dist/index.d.ts","/umetra/someoneinmyhead/node_modules/autoprefixer/lib/autoprefixer.d.ts","/home/artem/.cache/typescript/4.6/node_modules/@types/eslint/index.d.ts","/home/artem/.cache/typescript/4.6/node_modules/@types/eslint-config-prettier/index.d.ts","/umetra/someoneinmyhead/node_modules/postcss/lib/postcss.d.ts","/home/artem/.cache/typescript/4.6/node_modules/@types/prettier/index.d.ts","/umetra/someoneinmyhead/node_modules/svelte/types/runtime/index.d.ts","/umetra/someoneinmyhead/node_modules/svelte-preprocess/dist/index.d.ts","/home/artem/.cache/typescript/4.6/node_modules/@types/tailwindcss/index.d.ts","/umetra/someoneinmyhead/node_modules/tslib/tslib.d.ts","/umetra/someoneinmyhead/node_modules/typescript/lib/typescript.d.ts"],"newTypingNames":["@playwright/test","@tailwindcss/typography","eslint-plugin-svelte3","mdsvex","prettier-plugin-svelte","svelte-check","unified"],"filesToWatch":["/umetra/someoneinmyhead/bower_components","/umetra/someoneinmyhead/package.json","/umetra/someoneinmyhead/node_modules"]}
[22:27:07.524] DirectoryWatcher:: Added:: WatchInfo: /umetra/someoneinmyhead/bower_components
[22:27:07.524] DirectoryWatcher:: Added:: WatchInfo: /umetra/someoneinmyhead/bower_components 1 undefined Project: /dev/null/inferredProject1* watcher already invoked: false
[22:27:07.526] Elapsed:: 1.6607789993286133ms DirectoryWatcher:: Added:: WatchInfo: /umetra/someoneinmyhead/bower_components 1 undefined Project: /dev/null/inferredProject1* watcher already invoked: false
[22:27:07.526] FileWatcher:: Added:: WatchInfo: /umetra/someoneinmyhead/package.json
[22:27:07.526] FileWatcher:: Added:: WatchInfo: /umetra/someoneinmyhead/package.json 2000 undefined Project: /dev/null/inferredProject1* watcher already invoked: false
[22:27:07.526] DirectoryWatcher:: Added:: WatchInfo: /umetra/someoneinmyhead/node_modules
[22:27:07.526] DirectoryWatcher:: Added:: WatchInfo: /umetra/someoneinmyhead/node_modules 1 undefined Project: /dev/null/inferredProject1* watcher already invoked: false
[22:27:07.631] Elapsed:: 104.53529900312424ms DirectoryWatcher:: Added:: WatchInfo: /umetra/someoneinmyhead/node_modules 1 undefined Project: /dev/null/inferredProject1* watcher already invoked: false
[22:27:07.631] Installing typings ["@playwright/test","@tailwindcss/typography","eslint-plugin-svelte3","mdsvex","prettier-plugin-svelte","svelte-check","unified"]
[22:27:07.631] '@playwright/test':: Entry for package 'playwright__test' does not exist in local types registry - skipping...
[22:27:07.632] '@tailwindcss/typography':: Entry for package 'tailwindcss__typography' does not exist in local types registry - skipping...
[22:27:07.632] 'eslint-plugin-svelte3':: Entry for package 'eslint-plugin-svelte3' does not exist in local types registry - skipping...
[22:27:07.632] 'mdsvex':: Entry for package 'mdsvex' does not exist in local types registry - skipping...
[22:27:07.632] 'prettier-plugin-svelte':: Entry for package 'prettier-plugin-svelte' does not exist in local types registry - skipping...
[22:27:07.632] 'svelte-check':: Entry for package 'svelte-check' does not exist in local types registry - skipping...
[22:27:07.632] 'unified':: Entry for package 'unified' does not exist in local types registry - skipping...
[22:27:07.632] All typings are known to be missing or invalid - no need to install more typings
[22:27:07.632] Sending response:
    {"projectName":"/dev/null/inferredProject1*","typeAcquisition":{"enable":true,"include":[],"exclude":[]},"compilerOptions":{"module":1,"target":3,"jsx":1,"allowJs":true,"allowSyntheticDefaultImports":true,"allowNonTsExtensions":true,"noEmitForJsFiles":true,"maxNodeModuleJsDepth":2},"typings":["/umetra/someoneinmyhead/node_modules/@sveltejs/adapter-auto/index.d.ts","/umetra/someoneinmyhead/node_modules/@sveltejs/kit/types/index.d.ts","/umetra/someoneinmyhead/node_modules/@typescript-eslint/eslint-plugin/index.d.ts","/umetra/someoneinmyhead/node_modules/@typescript-eslint/parser/dist/index.d.ts","/umetra/someoneinmyhead/node_modules/autoprefixer/lib/autoprefixer.d.ts","/home/artem/.cache/typescript/4.6/node_modules/@types/eslint/index.d.ts","/home/artem/.cache/typescript/4.6/node_modules/@types/eslint-config-prettier/index.d.ts","/umetra/someoneinmyhead/node_modules/postcss/lib/postcss.d.ts","/home/artem/.cache/typescript/4.6/node_modules/@types/prettier/index.d.ts","/umetra/someoneinmyhead/node_modules/svelte/types/runtime/index.d.ts","/umetra/someoneinmyhead/node_modules/svelte-preprocess/dist/index.d.ts","/home/artem/.cache/typescript/4.6/node_modules/@types/tailwindcss/index.d.ts","/umetra/someoneinmyhead/node_modules/tslib/tslib.d.ts","/umetra/someoneinmyhead/node_modules/typescript/lib/typescript.d.ts"],"unresolvedImports":["unified"],"kind":"action::set"}
[22:27:07.632] Response has been sent.
[22:27:08.099] Got install request {"projectName":"/dev/null/inferredProject1*","fileNames":["/home/artem/.nvm/versions/node/v16.14.2/lib/node_modules/typescript/lib/lib.es5.d.ts","/home/artem/.nvm/versions/node/v16.14.2/lib/node_modules/typescript/lib/lib.es2015.d.ts","/home/artem/.nvm/versions/node/v16.14.2/lib/node_modules/typescript/lib/lib.es2016.d.ts","/home/artem/.nvm/versions/node/v16.14.2/lib/node_modules/typescript/lib/lib.dom.d.ts","/home/artem/.nvm/versions/node/v16.14.2/lib/node_modules/typescript/lib/lib.dom.iterable.d.ts","/home/artem/.nvm/versions/node/v16.14.2/lib/node_modules/typescript/lib/lib.webworker.importscripts.d.ts","/home/artem/.nvm/versions/node/v16.14.2/lib/node_modules/typescript/lib/lib.scripthost.d.ts","/home/artem/.nvm/versions/node/v16.14.2/lib/node_modules/typescript/lib/lib.es2015.core.d.ts","/home/artem/.nvm/versions/node/v16.14.2/lib/node_modules/typescript/lib/lib.es2015.collection.d.ts","/home/artem/.nvm/versions/node/v16.14.2/lib/node_modules/typescript/lib/lib.es2015.generator.d.ts","/home/artem/.nvm/versions/node/v16.14.2/lib/node_modules/typescript/lib/lib.es2015.iterable.d.ts","/home/artem/.nvm/versions/node/v16.14.2/lib/node_modules/typescript/lib/lib.es2015.promise.d.ts","/home/artem/.nvm/versions/node/v16.14.2/lib/node_modules/typescript/lib/lib.es2015.proxy.d.ts","/home/artem/.nvm/versions/node/v16.14.2/lib/node_modules/typescript/lib/lib.es2015.reflect.d.ts","/home/artem/.nvm/versions/node/v16.14.2/lib/node_modules/typescript/lib/lib.es2015.symbol.d.ts","/home/artem/.nvm/versions/node/v16.14.2/lib/node_modules/typescript/lib/lib.es2015.symbol.wellknown.d.ts","/home/artem/.nvm/versions/node/v16.14.2/lib/node_modules/typescript/lib/lib.es2016.array.include.d.ts","/home/artem/.nvm/versions/node/v16.14.2/lib/node_modules/typescript/lib/lib.es2016.full.d.ts","/umetra/someoneinmyhead/node_modules/svelte/types/runtime/index.d.ts","/umetra/someoneinmyhead/node_modules/postcss/lib/postcss.d.ts","/umetra/someoneinmyhead/node_modules/@sveltejs/kit/types/index.d.ts","/umetra/someoneinmyhead/node_modules/@sveltejs/adapter-auto/index.d.ts","/umetra/someoneinmyhead/node_modules/svelte-preprocess/dist/index.d.ts","/umetra/someoneinmyhead/svelte.config.js","/home/artem/.cache/typescript/4.6/node_modules/@types/eslint-config-prettier/index.d.ts","/home/artem/.cache/typescript/4.6/node_modules/@types/eslint/helpers.d.ts","/home/artem/.cache/typescript/4.6/node_modules/@types/eslint/index.d.ts","/home/artem/.cache/typescript/4.6/node_modules/@types/prettier/index.d.ts","/home/artem/.cache/typescript/4.6/node_modules/@types/tailwindcss/index.d.ts","/umetra/someoneinmyhead/node_modules/typescript/lib/typescript.d.ts","/umetra/someoneinmyhead/node_modules/@typescript-eslint/eslint-plugin/index.d.ts","/umetra/someoneinmyhead/node_modules/@typescript-eslint/parser/dist/index.d.ts","/umetra/someoneinmyhead/node_modules/autoprefixer/lib/autoprefixer.d.ts","/umetra/someoneinmyhead/node_modules/tslib/tslib.d.ts"],"compilerOptions":{"module":1,"target":3,"jsx":1,"allowJs":true,"allowSyntheticDefaultImports":true,"allowNonTsExtensions":true,"noEmitForJsFiles":true,"maxNodeModuleJsDepth":2},"typeAcquisition":{"enable":true,"include":[],"exclude":[]},"unresolvedImports":["unified"],"projectRootPath":"/umetra/someoneinmyhead","kind":"discover"}
[22:27:08.100] Explicitly included types: []
[22:27:08.103] Typing names in '/umetra/someoneinmyhead/package.json' dependencies: ["@playwright/test","@sveltejs/adapter-auto","@sveltejs/kit","@tailwindcss/typography","@typescript-eslint/eslint-plugin","@typescript-eslint/parser","autoprefixer","eslint","eslint-config-prettier","eslint-plugin-svelte3","mdsvex","postcss","prettier","prettier-plugin-svelte","svelte","svelte-check","svelte-preprocess","tailwindcss","tslib","typescript"]
[22:27:08.103] Searching for typing names in /umetra/someoneinmyhead/node_modules; all files: ["/umetra/someoneinmyhead/node_modules/@playwright/test/package.json","/umetra/someoneinmyhead/node_modules/@sveltejs/adapter-auto/package.json","/umetra/someoneinmyhead/node_modules/@sveltejs/kit/package.json","/umetra/someoneinmyhead/node_modules/@tailwindcss/typography/package.json","/umetra/someoneinmyhead/node_modules/@typescript-eslint/eslint-plugin/package.json","/umetra/someoneinmyhead/node_modules/@typescript-eslint/parser/package.json","/umetra/someoneinmyhead/node_modules/autoprefixer/package.json","/umetra/someoneinmyhead/node_modules/eslint/package.json","/umetra/someoneinmyhead/node_modules/eslint-config-prettier/package.json","/umetra/someoneinmyhead/node_modules/eslint-plugin-svelte3/package.json","/umetra/someoneinmyhead/node_modules/mdsvex/package.json","/umetra/someoneinmyhead/node_modules/postcss/package.json","/umetra/someoneinmyhead/node_modules/prettier/package.json","/umetra/someoneinmyhead/node_modules/prettier-plugin-svelte/package.json","/umetra/someoneinmyhead/node_modules/svelte/package.json","/umetra/someoneinmyhead/node_modules/svelte-check/package.json","/umetra/someoneinmyhead/node_modules/svelte-preprocess/package.json","/umetra/someoneinmyhead/node_modules/tailwindcss/package.json","/umetra/someoneinmyhead/node_modules/tslib/package.json","/umetra/someoneinmyhead/node_modules/typescript/package.json"]
[22:27:08.108]     Package '@sveltejs/adapter-auto' provides its own types.
[22:27:08.113]     Package '@sveltejs/kit' provides its own types.
[22:27:08.118]     Package '@typescript-eslint/eslint-plugin' provides its own types.
[22:27:08.124]     Package '@typescript-eslint/parser' provides its own types.
[22:27:08.127]     Package 'autoprefixer' provides its own types.
[22:27:08.140]     Package 'postcss' provides its own types.
[22:27:08.145]     Package 'svelte' provides its own types.
[22:27:08.148]     Package 'svelte-preprocess' provides its own types.
[22:27:08.150]     Package 'tslib' provides its own types.
[22:27:08.152]     Package 'typescript' provides its own types.
[22:27:08.152]     Found package names: ["@playwright/test","@tailwindcss/typography","eslint","eslint-config-prettier","eslint-plugin-svelte3","mdsvex","prettier","prettier-plugin-svelte","svelte-check","tailwindcss"]
[22:27:08.153] Inferred typings from unresolved imports: ["unified"]
[22:27:08.153] Result: {"cachedTypingPaths":["/umetra/someoneinmyhead/node_modules/@sveltejs/adapter-auto/index.d.ts","/umetra/someoneinmyhead/node_modules/@sveltejs/kit/types/index.d.ts","/umetra/someoneinmyhead/node_modules/@typescript-eslint/eslint-plugin/index.d.ts","/umetra/someoneinmyhead/node_modules/@typescript-eslint/parser/dist/index.d.ts","/umetra/someoneinmyhead/node_modules/autoprefixer/lib/autoprefixer.d.ts","/home/artem/.cache/typescript/4.6/node_modules/@types/eslint/index.d.ts","/home/artem/.cache/typescript/4.6/node_modules/@types/eslint-config-prettier/index.d.ts","/umetra/someoneinmyhead/node_modules/postcss/lib/postcss.d.ts","/home/artem/.cache/typescript/4.6/node_modules/@types/prettier/index.d.ts","/umetra/someoneinmyhead/node_modules/svelte/types/runtime/index.d.ts","/umetra/someoneinmyhead/node_modules/svelte-preprocess/dist/index.d.ts","/home/artem/.cache/typescript/4.6/node_modules/@types/tailwindcss/index.d.ts","/umetra/someoneinmyhead/node_modules/tslib/tslib.d.ts","/umetra/someoneinmyhead/node_modules/typescript/lib/typescript.d.ts"],"newTypingNames":["@playwright/test","@tailwindcss/typography","eslint-plugin-svelte3","mdsvex","prettier-plugin-svelte","svelte-check","unified"],"filesToWatch":["/umetra/someoneinmyhead/bower_components","/umetra/someoneinmyhead/package.json","/umetra/someoneinmyhead/node_modules"]}
[22:27:08.153] Finished typings discovery: {"cachedTypingPaths":["/umetra/someoneinmyhead/node_modules/@sveltejs/adapter-auto/index.d.ts","/umetra/someoneinmyhead/node_modules/@sveltejs/kit/types/index.d.ts","/umetra/someoneinmyhead/node_modules/@typescript-eslint/eslint-plugin/index.d.ts","/umetra/someoneinmyhead/node_modules/@typescript-eslint/parser/dist/index.d.ts","/umetra/someoneinmyhead/node_modules/autoprefixer/lib/autoprefixer.d.ts","/home/artem/.cache/typescript/4.6/node_modules/@types/eslint/index.d.ts","/home/artem/.cache/typescript/4.6/node_modules/@types/eslint-config-prettier/index.d.ts","/umetra/someoneinmyhead/node_modules/postcss/lib/postcss.d.ts","/home/artem/.cache/typescript/4.6/node_modules/@types/prettier/index.d.ts","/umetra/someoneinmyhead/node_modules/svelte/types/runtime/index.d.ts","/umetra/someoneinmyhead/node_modules/svelte-preprocess/dist/index.d.ts","/home/artem/.cache/typescript/4.6/node_modules/@types/tailwindcss/index.d.ts","/umetra/someoneinmyhead/node_modules/tslib/tslib.d.ts","/umetra/someoneinmyhead/node_modules/typescript/lib/typescript.d.ts"],"newTypingNames":["@playwright/test","@tailwindcss/typography","eslint-plugin-svelte3","mdsvex","prettier-plugin-svelte","svelte-check","unified"],"filesToWatch":["/umetra/someoneinmyhead/bower_components","/umetra/someoneinmyhead/package.json","/umetra/someoneinmyhead/node_modules"]}
[22:27:08.153] Installing typings ["@playwright/test","@tailwindcss/typography","eslint-plugin-svelte3","mdsvex","prettier-plugin-svelte","svelte-check","unified"]
[22:27:08.154] '@playwright/test':: Entry for package 'playwright__test' does not exist in local types registry - skipping...
[22:27:08.154] '@tailwindcss/typography':: Entry for package 'tailwindcss__typography' does not exist in local types registry - skipping...
[22:27:08.154] 'eslint-plugin-svelte3':: Entry for package 'eslint-plugin-svelte3' does not exist in local types registry - skipping...
[22:27:08.154] 'mdsvex':: Entry for package 'mdsvex' does not exist in local types registry - skipping...
[22:27:08.154] 'prettier-plugin-svelte':: Entry for package 'prettier-plugin-svelte' does not exist in local types registry - skipping...
[22:27:08.154] 'svelte-check':: Entry for package 'svelte-check' does not exist in local types registry - skipping...
[22:27:08.154] 'unified':: Entry for package 'unified' does not exist in local types registry - skipping...
[22:27:08.154] All typings are known to be missing or invalid - no need to install more typings
[22:27:08.154] Sending response:
    {"projectName":"/dev/null/inferredProject1*","typeAcquisition":{"enable":true,"include":[],"exclude":[]},"compilerOptions":{"module":1,"target":3,"jsx":1,"allowJs":true,"allowSyntheticDefaultImports":true,"allowNonTsExtensions":true,"noEmitForJsFiles":true,"maxNodeModuleJsDepth":2},"typings":["/umetra/someoneinmyhead/node_modules/@sveltejs/adapter-auto/index.d.ts","/umetra/someoneinmyhead/node_modules/@sveltejs/kit/types/index.d.ts","/umetra/someoneinmyhead/node_modules/@typescript-eslint/eslint-plugin/index.d.ts","/umetra/someoneinmyhead/node_modules/@typescript-eslint/parser/dist/index.d.ts","/umetra/someoneinmyhead/node_modules/autoprefixer/lib/autoprefixer.d.ts","/home/artem/.cache/typescript/4.6/node_modules/@types/eslint/index.d.ts","/home/artem/.cache/typescript/4.6/node_modules/@types/eslint-config-prettier/index.d.ts","/umetra/someoneinmyhead/node_modules/postcss/lib/postcss.d.ts","/home/artem/.cache/typescript/4.6/node_modules/@types/prettier/index.d.ts","/umetra/someoneinmyhead/node_modules/svelte/types/runtime/index.d.ts","/umetra/someoneinmyhead/node_modules/svelte-preprocess/dist/index.d.ts","/home/artem/.cache/typescript/4.6/node_modules/@types/tailwindcss/index.d.ts","/umetra/someoneinmyhead/node_modules/tslib/tslib.d.ts","/umetra/someoneinmyhead/node_modules/typescript/lib/typescript.d.ts"],"unresolvedImports":["unified"],"kind":"action::set"}
[22:27:08.155] Response has been sent.
