Info 0    [22:52:58.662] Starting TS Server
Info 1    [22:52:58.663] Version: 4.6.3
Info 2    [22:52:58.663] Arguments: /home/artem/.nvm/versions/node/v16.14.2/bin/node /home/artem/.nvm/versions/node/v16.14.2/lib/node_modules/typescript/lib/tsserver.js --logFile /umetra/someoneinmyhead/.log/tsserver.log --logVerbosity info --cancellationPipeName /tmp/3b67b3a79f117c7774ba1674bb8b232d/tscancellation*
Info 3    [22:52:58.663] Platform: linux NodeVersion: 16 CaseSensitive: true
Info 4    [22:52:58.663] ServerMode: undefined syntaxOnly: false hasUnknownServerMode: undefined
Info 5    [22:52:58.683] Format host information updated
Info 6    [22:52:58.701] Search path: /umetra/someoneinmyhead/src/lib
Info 7    [22:52:58.703] For info: /umetra/someoneinmyhead/src/lib/site.config.ts :: Config file name: /umetra/someoneinmyhead/tsconfig.json
Info 8    [22:52:58.703] Creating configuration project /umetra/someoneinmyhead/tsconfig.json
Info 9    [22:52:58.743] Config: /umetra/someoneinmyhead/tsconfig.json : {
 "rootNames": [
  "/umetra/someoneinmyhead/src/app.d.ts",
  "/umetra/someoneinmyhead/src/lib/get-posts.ts",
  "/umetra/someoneinmyhead/src/lib/posts.ts",
  "/umetra/someoneinmyhead/src/lib/site.config.ts",
  "/umetra/someoneinmyhead/src/lib/stores.ts"
 ],
 "options": {
  "moduleResolution": 2,
  "module": 6,
  "lib": [
   "lib.es2020.d.ts",
   "lib.dom.d.ts"
  ],
  "target": 7,
  "importsNotUsedAsValues": 2,
  "preserveValueImports": true,
  "isolatedModules": true,
  "resolveJsonModule": true,
  "sourceMap": true,
  "esModuleInterop": true,
  "skipLibCheck": true,
  "forceConsistentCasingInFileNames": true,
  "baseUrl": "/umetra/someoneinmyhead",
  "allowJs": true,
  "checkJs": true,
  "paths": {
   "$lib": [
    "src/lib"
   ],
   "$lib/*": [
    "src/lib/*"
   ]
  },
  "rootDirs": [
   "/umetra/someoneinmyhead",
   "/umetra/someoneinmyhead/.svelte-kit/types"
  ],
  "pathsBasePath": "/umetra/someoneinmyhead/.svelte-kit",
  "configFilePath": "/umetra/someoneinmyhead/tsconfig.json"
 }
}
Info 10   [22:52:58.773] Starting updateGraphWorker: Project: /umetra/someoneinmyhead/tsconfig.json
Info 11   [22:53:00.187] Finishing updateGraphWorker: Project: /umetra/someoneinmyhead/tsconfig.json Version: 1 structureChanged: true structureIsReused:: Not Elapsed: 1414.216418005526ms
Info 12   [22:53:00.187] Project '/umetra/someoneinmyhead/tsconfig.json' (Configured)
Info 13   [22:53:00.187] 	Files (162)

Info 14   [22:53:00.187] -----------------------------------------------
Info 15   [23:00:52.904] FileWatcher:: Triggered with /umetra/someoneinmyhead/.svelte-kit/tsconfig.json 1:: WatchInfo: /umetra/someoneinmyhead/.svelte-kit/tsconfig.json 2000 undefined Config: /umetra/someoneinmyhead/tsconfig.json WatchType: Extended config file
Info 16   [23:00:52.904] Elapsed:: 0.3224719986319542ms FileWatcher:: Triggered with /umetra/someoneinmyhead/.svelte-kit/tsconfig.json 1:: WatchInfo: /umetra/someoneinmyhead/.svelte-kit/tsconfig.json 2000 undefined Config: /umetra/someoneinmyhead/tsconfig.json WatchType: Extended config file
Info 17   [23:00:53.156] Reloading configured project /umetra/someoneinmyhead/tsconfig.json
Info 18   [23:00:53.167] Config: /umetra/someoneinmyhead/tsconfig.json : {
 "rootNames": [
  "/umetra/someoneinmyhead/src/app.d.ts",
  "/umetra/someoneinmyhead/src/lib/get-posts.ts",
  "/umetra/someoneinmyhead/src/lib/posts.ts",
  "/umetra/someoneinmyhead/src/lib/site.config.ts",
  "/umetra/someoneinmyhead/src/lib/stores.ts"
 ],
 "options": {
  "moduleResolution": 2,
  "module": 6,
  "lib": [
   "lib.es2020.d.ts",
   "lib.dom.d.ts"
  ],
  "target": 7,
  "importsNotUsedAsValues": 2,
  "preserveValueImports": true,
  "isolatedModules": true,
  "resolveJsonModule": true,
  "sourceMap": true,
  "esModuleInterop": true,
  "skipLibCheck": true,
  "forceConsistentCasingInFileNames": true,
  "baseUrl": "/umetra/someoneinmyhead",
  "allowJs": true,
  "checkJs": true,
  "paths": {
   "$lib": [
    "src/lib"
   ],
   "$lib/*": [
    "src/lib/*"
   ]
  },
  "rootDirs": [
   "/umetra/someoneinmyhead",
   "/umetra/someoneinmyhead/.svelte-kit/types"
  ],
  "pathsBasePath": "/umetra/someoneinmyhead/.svelte-kit",
  "configFilePath": "/umetra/someoneinmyhead/tsconfig.json"
 }
}
Info 19   [23:00:53.179] Starting updateGraphWorker: Project: /umetra/someoneinmyhead/tsconfig.json
Info 20   [23:00:53.180] Finishing updateGraphWorker: Project: /umetra/someoneinmyhead/tsconfig.json Version: 2 structureChanged: false structureIsReused:: Not Elapsed: 0.9782229959964752ms
Info 21   [23:00:55.405] Before ensureProjectForOpenFiles:
Info 22   [23:00:55.406] After ensureProjectForOpenFiles:
Info 23   [23:00:55.406] got projects updated in background, updating diagnostics for /umetra/someoneinmyhead/src/lib/site.config.ts
Info 24   [21:08:35.751] DirectoryWatcher:: Triggered with /umetra/someoneinmyhead/src/lib/components/Nav.svelte 0:: WatchInfo: /umetra/someoneinmyhead/src 1 undefined Config: /umetra/someoneinmyhead/tsconfig.json WatchType: Wild card directory
Info 25   [21:08:35.753] Project: /umetra/someoneinmyhead/tsconfig.json Detected file add/remove of non supported extension: /umetra/someoneinmyhead/src/lib/components/Nav.svelte
Info 26   [21:08:35.753] Elapsed:: 1.643231987953186ms DirectoryWatcher:: Triggered with /umetra/someoneinmyhead/src/lib/components/Nav.svelte 0:: WatchInfo: /umetra/someoneinmyhead/src 1 undefined Config: /umetra/someoneinmyhead/tsconfig.json WatchType: Wild card directory
Info 27   [21:08:35.753] DirectoryWatcher:: Triggered with /umetra/someoneinmyhead/src/lib/components/Nav.svelte 0:: WatchInfo: /umetra/someoneinmyhead/src 1 undefined Project: /umetra/someoneinmyhead/tsconfig.json WatchType: Failed Lookup Locations
Info 28   [21:08:35.753] Elapsed:: 0.5196060240268707ms DirectoryWatcher:: Triggered with /umetra/someoneinmyhead/src/lib/components/Nav.svelte 0:: WatchInfo: /umetra/someoneinmyhead/src 1 undefined Project: /umetra/someoneinmyhead/tsconfig.json WatchType: Failed Lookup Locations
Info 29   [21:08:50.453] DirectoryWatcher:: Triggered with /umetra/someoneinmyhead/src/lib/components/Nav.svelte 0:: WatchInfo: /umetra/someoneinmyhead/src 1 undefined Config: /umetra/someoneinmyhead/tsconfig.json WatchType: Wild card directory
Info 30   [21:08:50.453] Project: /umetra/someoneinmyhead/tsconfig.json Detected file add/remove of non supported extension: /umetra/someoneinmyhead/src/lib/components/Nav.svelte
Info 31   [21:08:50.453] Elapsed:: 0.5243380069732666ms DirectoryWatcher:: Triggered with /umetra/someoneinmyhead/src/lib/components/Nav.svelte 0:: WatchInfo: /umetra/someoneinmyhead/src 1 undefined Config: /umetra/someoneinmyhead/tsconfig.json WatchType: Wild card directory
Info 32   [21:08:50.453] DirectoryWatcher:: Triggered with /umetra/someoneinmyhead/src/lib/components/Nav.svelte 1:: WatchInfo: /umetra/someoneinmyhead/src 1 undefined Config: /umetra/someoneinmyhead/tsconfig.json WatchType: Wild card directory
Info 33   [21:08:50.454] Project: /umetra/someoneinmyhead/tsconfig.json Detected file add/remove of non supported extension: /umetra/someoneinmyhead/src/lib/components/Nav.svelte
Info 34   [21:08:50.454] Elapsed:: 0.18915998935699463ms DirectoryWatcher:: Triggered with /umetra/someoneinmyhead/src/lib/components/Nav.svelte 1:: WatchInfo: /umetra/someoneinmyhead/src 1 undefined Config: /umetra/someoneinmyhead/tsconfig.json WatchType: Wild card directory
Info 35   [21:08:50.454] DirectoryWatcher:: Triggered with /umetra/someoneinmyhead/src/lib/components/Nav.svelte 0:: WatchInfo: /umetra/someoneinmyhead/src 1 undefined Project: /umetra/someoneinmyhead/tsconfig.json WatchType: Failed Lookup Locations
Info 36   [21:08:50.456] Elapsed:: 1.8969359993934631ms DirectoryWatcher:: Triggered with /umetra/someoneinmyhead/src/lib/components/Nav.svelte 0:: WatchInfo: /umetra/someoneinmyhead/src 1 undefined Project: /umetra/someoneinmyhead/tsconfig.json WatchType: Failed Lookup Locations
Info 37   [21:08:50.456] DirectoryWatcher:: Triggered with /umetra/someoneinmyhead/src/lib/components/Nav.svelte 1:: WatchInfo: /umetra/someoneinmyhead/src 1 undefined Project: /umetra/someoneinmyhead/tsconfig.json WatchType: Failed Lookup Locations
Info 38   [21:08:50.456] Elapsed:: 0.09642401337623596ms DirectoryWatcher:: Triggered with /umetra/someoneinmyhead/src/lib/components/Nav.svelte 1:: WatchInfo: /umetra/someoneinmyhead/src 1 undefined Project: /umetra/someoneinmyhead/tsconfig.json WatchType: Failed Lookup Locations
Info 39   [21:35:51.697] Starting updateGraphWorker: Project: /umetra/someoneinmyhead/tsconfig.json
Info 40   [21:35:51.725] Finishing updateGraphWorker: Project: /umetra/someoneinmyhead/tsconfig.json Version: 3 structureChanged: false structureIsReused:: Completely Elapsed: 27.847834020853043ms
Info 41   [21:35:51.726] Different program with same set of files
Info 42   [21:35:54.600] Starting updateGraphWorker: Project: /umetra/someoneinmyhead/tsconfig.json
Info 43   [21:35:54.627] Finishing updateGraphWorker: Project: /umetra/someoneinmyhead/tsconfig.json Version: 4 structureChanged: false structureIsReused:: Completely Elapsed: 27.352385997772217ms
Info 44   [21:35:54.628] Different program with same set of files
Info 45   [21:35:54.634] getCompletionData: Get current token: 0.03611499071121216
Info 46   [21:35:54.634] getCompletionData: Is inside comment: 0.27030402421951294
Info 47   [21:35:54.635] getCompletionData: Get previous token: 0.11851200461387634
Info 48   [21:35:54.636] getCompletionsAtPosition: isCompletionListBlocker: 0.6268720030784607
Info 49   [21:35:54.646] getExportInfoMap: cache miss or empty; calculating new results
Info 50   [21:35:54.721] getExportInfoMap: done in 76.09051099419594 ms
Info 51   [21:35:54.787] collectAutoImports: resolved 44 module specifiers, plus 27 ambient and -2920 from cache
Info 52   [21:35:54.787] collectAutoImports: response is complete
Info 53   [21:35:54.787] collectAutoImports: 65.22795498371124
Info 54   [21:35:54.787] getCompletionData: Semantic work: 151.14653199911118
Info 55   [21:35:54.821] getCompletionsAtPosition: getCompletionEntriesFromSymbols: 33.171498984098434
Info 56   [21:35:55.201] Starting updateGraphWorker: Project: /umetra/someoneinmyhead/tsconfig.json
Info 57   [21:35:55.208] Finishing updateGraphWorker: Project: /umetra/someoneinmyhead/tsconfig.json Version: 5 structureChanged: false structureIsReused:: Completely Elapsed: 7.391664981842041ms
Info 58   [21:35:55.208] Different program with same set of files
Info 59   [21:35:55.493] Starting updateGraphWorker: Project: /umetra/someoneinmyhead/tsconfig.json
Info 60   [21:35:55.516] Finishing updateGraphWorker: Project: /umetra/someoneinmyhead/tsconfig.json Version: 6 structureChanged: false structureIsReused:: Completely Elapsed: 22.34400698542595ms
Info 61   [21:35:55.516] Different program with same set of files
Info 62   [21:35:55.750] Format host information updated
Info 63   [21:35:55.751] Format host information updated
Info 64   [21:35:55.752] Starting updateGraphWorker: Project: /umetra/someoneinmyhead/tsconfig.json
Info 65   [21:35:55.765] Finishing updateGraphWorker: Project: /umetra/someoneinmyhead/tsconfig.json Version: 7 structureChanged: false structureIsReused:: Completely Elapsed: 12.885687977075577ms
Info 66   [21:35:55.766] Different program with same set of files
Info 67   [21:35:55.766] getCompletionData: Get current token: 0.03851097822189331
Info 68   [21:35:55.767] getCompletionData: Is inside comment: 0.022051990032196045
Info 69   [21:35:55.767] getCompletionData: Get previous token: 0.12024500966072083
Info 70   [21:35:55.767] getCompletionsAtPosition: isCompletionListBlocker: 0.026080995798110962
Info 71   [21:35:55.774] getCompletionData: Semantic work: 6.874693006277084
Info 72   [21:35:55.779] getCompletionData: Get current token: 0.03028300404548645
Info 73   [21:35:55.779] getCompletionData: Is inside comment: 0.013965010643005371
Info 74   [21:35:55.779] getCompletionData: Get previous token: 0.05819499492645264
Info 75   [21:35:55.779] getCompletionsAtPosition: isCompletionListBlocker: 0.025948017835617065
Info 76   [21:35:55.786] getCompletionData: Semantic work: 6.494206994771957
Info 77   [21:35:56.585] Starting updateGraphWorker: Project: /umetra/someoneinmyhead/tsconfig.json
Info 78   [21:35:56.614] Finishing updateGraphWorker: Project: /umetra/someoneinmyhead/tsconfig.json Version: 8 structureChanged: false structureIsReused:: Completely Elapsed: 28.229977011680603ms
Info 79   [21:35:56.614] Different program with same set of files
Info 80   [21:35:56.615] getCompletionData: Get current token: 0.0284079909324646
Info 81   [21:35:56.615] getCompletionData: Is inside comment: 0.024208009243011475
Info 82   [21:35:56.615] getCompletionData: Get previous token: 0.02275097370147705
Info 83   [21:35:56.615] getCompletionsAtPosition: isCompletionListBlocker: 0.1494469940662384
Info 84   [21:35:56.615] Returning an empty list because completion was requested in an invalid position.
Info 85   [21:35:56.627] getCompletionData: Get current token: 0.010987997055053711
Info 86   [21:35:56.627] getCompletionData: Is inside comment: 0.02680298686027527
Info 87   [21:35:56.627] getCompletionData: Get previous token: 0.01855301856994629
Info 88   [21:35:56.627] getCompletionsAtPosition: isCompletionListBlocker: 0.011492997407913208
Info 89   [21:35:56.627] Returning an empty list because completion was requested in an invalid position.
Info 90   [21:36:00.335] Starting updateGraphWorker: Project: /umetra/someoneinmyhead/tsconfig.json
Info 91   [21:36:00.349] Finishing updateGraphWorker: Project: /umetra/someoneinmyhead/tsconfig.json Version: 9 structureChanged: false structureIsReused:: Completely Elapsed: 13.855064988136292ms
Info 92   [21:36:00.349] Different program with same set of files
Info 93   [21:36:00.357] getCompletionData: Get current token: 0.019246995449066162
Info 94   [21:36:00.357] getCompletionData: Is inside comment: 0.03467199206352234
Info 95   [21:36:00.357] getCompletionData: Get previous token: 0.04187500476837158
Info 96   [21:36:00.357] getCompletionsAtPosition: isCompletionListBlocker: 0.010563015937805176
Info 97   [21:36:00.357] Returning an empty list because completion was requested in an invalid position.
Info 98   [21:36:00.381] getCompletionData: Get current token: 0.018509000539779663
Info 99   [21:36:00.381] getCompletionData: Is inside comment: 0.031942009925842285
Info 100  [21:36:00.381] getCompletionData: Get previous token: 0.031558990478515625
Info 101  [21:36:00.381] getCompletionsAtPosition: isCompletionListBlocker: 0.005706995725631714
Info 102  [21:36:00.381] Returning an empty list because completion was requested in an invalid position.
Info 103  [21:36:00.712] Starting updateGraphWorker: Project: /umetra/someoneinmyhead/tsconfig.json
Info 104  [21:36:00.729] Finishing updateGraphWorker: Project: /umetra/someoneinmyhead/tsconfig.json Version: 10 structureChanged: false structureIsReused:: Completely Elapsed: 16.59960898756981ms
Info 105  [21:36:00.729] Different program with same set of files
Info 106  [21:36:00.741] Starting updateGraphWorker: Project: /umetra/someoneinmyhead/tsconfig.json
Info 107  [21:36:00.748] Finishing updateGraphWorker: Project: /umetra/someoneinmyhead/tsconfig.json Version: 11 structureChanged: false structureIsReused:: Completely Elapsed: 6.758752018213272ms
Info 108  [21:36:00.748] Different program with same set of files
Info 109  [21:36:01.303] Starting updateGraphWorker: Project: /umetra/someoneinmyhead/tsconfig.json
Info 110  [21:36:01.339] Finishing updateGraphWorker: Project: /umetra/someoneinmyhead/tsconfig.json Version: 12 structureChanged: false structureIsReused:: Completely Elapsed: 35.64239600300789ms
Info 111  [21:36:01.339] Different program with same set of files
Info 112  [21:36:01.341] getCompletionData: Get current token: 0.03096500039100647
Info 113  [21:36:01.341] getCompletionData: Is inside comment: 0.055312007665634155
Info 114  [21:36:01.341] getCompletionData: Get previous token: 0.2668500244617462
Info 115  [21:36:01.341] getCompletionsAtPosition: isCompletionListBlocker: 0.00727999210357666
Info 116  [21:36:01.341] Returning an empty list because completion was requested in an invalid position.
Info 117  [21:36:01.364] getCompletionData: Get current token: 0.010574012994766235
Info 118  [21:36:01.364] getCompletionData: Is inside comment: 0.019581973552703857
Info 119  [21:36:01.364] getCompletionData: Get previous token: 0.02850601077079773
Info 120  [21:36:01.364] getCompletionsAtPosition: isCompletionListBlocker: 0.004675000905990601
Info 121  [21:36:01.364] Returning an empty list because completion was requested in an invalid position.
Info 122  [21:36:01.981] Starting updateGraphWorker: Project: /umetra/someoneinmyhead/tsconfig.json
Info 123  [21:36:01.991] Finishing updateGraphWorker: Project: /umetra/someoneinmyhead/tsconfig.json Version: 13 structureChanged: false structureIsReused:: Completely Elapsed: 9.98037400841713ms
Info 124  [21:36:01.991] Different program with same set of files
Info 125  [21:36:02.002] getCompletionData: Get current token: 0.011671006679534912
Info 126  [21:36:02.002] getCompletionData: Is inside comment: 0.02037900686264038
Info 127  [21:36:02.002] getCompletionData: Get previous token: 0.0248430073261261
Info 128  [21:36:02.002] getCompletionsAtPosition: isCompletionListBlocker: 0.005068004131317139
Info 129  [21:36:02.002] Returning an empty list because completion was requested in an invalid position.
Info 130  [21:36:02.024] getCompletionData: Get current token: 0.010639995336532593
Info 131  [21:36:02.025] getCompletionData: Is inside comment: 0.018193989992141724
Info 132  [21:36:02.025] getCompletionData: Get previous token: 0.03748801350593567
Info 133  [21:36:02.025] getCompletionsAtPosition: isCompletionListBlocker: 0.0040760040283203125
Info 134  [21:36:02.025] Returning an empty list because completion was requested in an invalid position.
Info 135  [21:36:02.752] Starting updateGraphWorker: Project: /umetra/someoneinmyhead/tsconfig.json
Info 136  [21:36:02.759] Finishing updateGraphWorker: Project: /umetra/someoneinmyhead/tsconfig.json Version: 14 structureChanged: false structureIsReused:: Completely Elapsed: 7.17323499917984ms
Info 137  [21:36:02.759] Different program with same set of files
Info 138  [21:36:02.978] Starting updateGraphWorker: Project: /umetra/someoneinmyhead/tsconfig.json
Info 139  [21:36:02.991] Finishing updateGraphWorker: Project: /umetra/someoneinmyhead/tsconfig.json Version: 15 structureChanged: false structureIsReused:: Completely Elapsed: 12.885448008775711ms
Info 140  [21:36:02.991] Different program with same set of files
Info 141  [21:36:03.007] getCompletionData: Get current token: 0.023945003747940063
Info 142  [21:36:03.007] getCompletionData: Is inside comment: 0.04124900698661804
Info 143  [21:36:03.007] getCompletionData: Get previous token: 0.04981699585914612
Info 144  [21:36:03.008] getCompletionsAtPosition: isCompletionListBlocker: 0.01165500283241272
Info 145  [21:36:03.008] Returning an empty list because completion was requested in an invalid position.
Info 146  [21:36:03.032] getCompletionData: Get current token: 0.0268079936504364
Info 147  [21:36:03.032] getCompletionData: Is inside comment: 0.028479009866714478
Info 148  [21:36:03.032] getCompletionData: Get previous token: 0.04051399230957031
Info 149  [21:36:03.032] getCompletionsAtPosition: isCompletionListBlocker: 0.006395012140274048
Info 150  [21:36:03.032] Returning an empty list because completion was requested in an invalid position.
Info 151  [21:36:04.106] Starting updateGraphWorker: Project: /umetra/someoneinmyhead/tsconfig.json
Info 152  [21:36:04.115] Finishing updateGraphWorker: Project: /umetra/someoneinmyhead/tsconfig.json Version: 16 structureChanged: false structureIsReused:: Completely Elapsed: 9.137701004743576ms
Info 153  [21:36:04.115] Different program with same set of files
Info 154  [21:36:04.121] getCompletionData: Get current token: 0.011975020170211792
Info 155  [21:36:04.122] getCompletionData: Is inside comment: 0.021862000226974487
Info 156  [21:36:04.122] getCompletionData: Get previous token: 0.020767003297805786
Info 157  [21:36:04.122] getCompletionsAtPosition: isCompletionListBlocker: 0.03384602069854736
Info 158  [21:36:04.122] Returning an empty list because completion was requested in an invalid position.
Info 159  [21:36:04.145] getCompletionData: Get current token: 0.015801995992660522
Info 160  [21:36:04.145] getCompletionData: Is inside comment: 0.028248995542526245
Info 161  [21:36:04.145] getCompletionData: Get previous token: 0.021211981773376465
Info 162  [21:36:04.145] getCompletionsAtPosition: isCompletionListBlocker: 0.032728999853134155
Info 163  [21:36:04.145] Returning an empty list because completion was requested in an invalid position.
Info 164  [21:36:05.027] Starting updateGraphWorker: Project: /umetra/someoneinmyhead/tsconfig.json
Info 165  [21:36:05.040] Finishing updateGraphWorker: Project: /umetra/someoneinmyhead/tsconfig.json Version: 17 structureChanged: false structureIsReused:: Completely Elapsed: 12.825449019670486ms
Info 166  [21:36:05.040] Different program with same set of files
Info 167  [21:36:06.247] Starting updateGraphWorker: Project: /umetra/someoneinmyhead/tsconfig.json
Info 168  [21:36:06.269] Finishing updateGraphWorker: Project: /umetra/someoneinmyhead/tsconfig.json Version: 18 structureChanged: false structureIsReused:: Completely Elapsed: 22.004691004753113ms
Info 169  [21:36:06.269] Different program with same set of files
Info 170  [21:36:13.848] Starting updateGraphWorker: Project: /umetra/someoneinmyhead/tsconfig.json
Info 171  [21:36:13.868] Finishing updateGraphWorker: Project: /umetra/someoneinmyhead/tsconfig.json Version: 19 structureChanged: false structureIsReused:: Completely Elapsed: 20.166750997304916ms
Info 172  [21:36:13.868] Different program with same set of files
Info 173  [21:36:14.088] Starting updateGraphWorker: Project: /umetra/someoneinmyhead/tsconfig.json
Info 174  [21:36:14.112] Finishing updateGraphWorker: Project: /umetra/someoneinmyhead/tsconfig.json Version: 20 structureChanged: false structureIsReused:: Completely Elapsed: 23.029669016599655ms
Info 175  [21:36:14.112] Different program with same set of files
Info 176  [21:36:14.127] getCompletionData: Get current token: 0.019201993942260742
Info 177  [21:36:14.128] getCompletionData: Is inside comment: 0.04807400703430176
Info 178  [21:36:14.128] getCompletionData: Get previous token: 0.04732900857925415
Info 179  [21:36:14.128] getCompletionsAtPosition: isCompletionListBlocker: 0.019930005073547363
Info 180  [21:36:14.128] getCompletionData: Semantic work: 0.24593299627304077
Info 181  [21:36:14.129] getCompletionsAtPosition: getCompletionEntriesFromSymbols: 0.36344900727272034
Info 182  [21:36:14.795] Starting updateGraphWorker: Project: /umetra/someoneinmyhead/tsconfig.json
Info 183  [21:36:14.804] Finishing updateGraphWorker: Project: /umetra/someoneinmyhead/tsconfig.json Version: 21 structureChanged: false structureIsReused:: Completely Elapsed: 8.894401013851166ms
Info 184  [21:36:14.804] Different program with same set of files
Info 185  [21:36:15.038] Starting updateGraphWorker: Project: /umetra/someoneinmyhead/tsconfig.json
Info 186  [21:36:15.058] Finishing updateGraphWorker: Project: /umetra/someoneinmyhead/tsconfig.json Version: 22 structureChanged: false structureIsReused:: Completely Elapsed: 18.892104983329773ms
Info 187  [21:36:15.058] Different program with same set of files
Info 188  [21:36:15.071] getCompletionData: Get current token: 0.023259997367858887
Info 189  [21:36:15.072] getCompletionData: Is inside comment: 0.05808401107788086
Info 190  [21:36:15.072] getCompletionData: Get previous token: 0.0317080020904541
Info 191  [21:36:15.072] getCompletionsAtPosition: isCompletionListBlocker: 0.007847011089324951
Info 192  [21:36:15.081] getExportInfoMap: cache hit
Info 193  [21:36:15.115] collectAutoImports: resolved 2 module specifiers, plus 0 ambient and -21 from cache
Info 194  [21:36:15.115] collectAutoImports: response is complete
Info 195  [21:36:15.115] collectAutoImports: 34.2771800160408
Info 196  [21:36:15.115] getCompletionData: Semantic work: 43.295737981796265
Info 197  [21:36:15.151] getCompletionsAtPosition: getCompletionEntriesFromSymbols: 35.96308398246765
Info 198  [21:36:17.274] Starting updateGraphWorker: Project: /umetra/someoneinmyhead/tsconfig.json
Info 199  [21:36:17.299] Finishing updateGraphWorker: Project: /umetra/someoneinmyhead/tsconfig.json Version: 23 structureChanged: false structureIsReused:: Completely Elapsed: 24.99780598282814ms
Info 200  [21:36:17.299] Different program with same set of files
Info 201  [21:36:17.624] Starting updateGraphWorker: Project: /umetra/someoneinmyhead/tsconfig.json
Info 202  [21:36:17.643] Finishing updateGraphWorker: Project: /umetra/someoneinmyhead/tsconfig.json Version: 24 structureChanged: false structureIsReused:: Completely Elapsed: 18.886655002832413ms
Info 203  [21:36:17.643] Different program with same set of files
Info 204  [21:36:17.644] Starting updateGraphWorker: Project: /umetra/someoneinmyhead/tsconfig.json
Info 205  [21:36:17.660] Finishing updateGraphWorker: Project: /umetra/someoneinmyhead/tsconfig.json Version: 25 structureChanged: false structureIsReused:: Completely Elapsed: 15.322378009557724ms
Info 206  [21:36:17.660] Different program with same set of files
Info 207  [21:36:18.052] Starting updateGraphWorker: Project: /umetra/someoneinmyhead/tsconfig.json
Info 208  [21:36:18.058] Finishing updateGraphWorker: Project: /umetra/someoneinmyhead/tsconfig.json Version: 26 structureChanged: false structureIsReused:: Completely Elapsed: 5.458496987819672ms
Info 209  [21:36:18.058] Different program with same set of files
Info 210  [21:36:19.249] Starting updateGraphWorker: Project: /umetra/someoneinmyhead/tsconfig.json
Info 211  [21:36:19.262] Finishing updateGraphWorker: Project: /umetra/someoneinmyhead/tsconfig.json Version: 27 structureChanged: false structureIsReused:: Completely Elapsed: 12.911049991846085ms
Info 212  [21:36:19.262] Different program with same set of files
Info 213  [21:36:19.273] Starting updateGraphWorker: Project: /umetra/someoneinmyhead/tsconfig.json
Info 214  [21:36:19.282] Finishing updateGraphWorker: Project: /umetra/someoneinmyhead/tsconfig.json Version: 28 structureChanged: false structureIsReused:: Completely Elapsed: 8.908944010734558ms
Info 215  [21:36:19.282] Different program with same set of files
Info 216  [21:36:20.603] Starting updateGraphWorker: Project: /umetra/someoneinmyhead/tsconfig.json
Info 217  [21:36:20.619] Finishing updateGraphWorker: Project: /umetra/someoneinmyhead/tsconfig.json Version: 29 structureChanged: false structureIsReused:: Completely Elapsed: 15.667957991361618ms
Info 218  [21:36:20.619] Different program with same set of files
Info 219  [21:36:20.635] getCompletionData: Get current token: 0.01518702507019043
Info 220  [21:36:20.635] getCompletionData: Is inside comment: 0.0449100136756897
Info 221  [21:36:20.635] getCompletionData: Get previous token: 0.06361901760101318
Info 222  [21:36:20.635] getCompletionsAtPosition: isCompletionListBlocker: 0.009849011898040771
Info 223  [21:36:20.642] getExportInfoMap: cache hit
Info 224  [21:36:20.651] collectAutoImports: resolved 0 module specifiers, plus 0 ambient and 0 from cache
Info 225  [21:36:20.651] collectAutoImports: response is complete
Info 226  [21:36:20.651] collectAutoImports: 9.41473799943924
Info 227  [21:36:20.651] getCompletionData: Semantic work: 15.986050009727478
Info 228  [21:36:20.685] getCompletionsAtPosition: getCompletionEntriesFromSymbols: 29.871542006731033
Info 229  [21:36:21.286] Starting updateGraphWorker: Project: /umetra/someoneinmyhead/tsconfig.json
Info 230  [21:36:21.300] Finishing updateGraphWorker: Project: /umetra/someoneinmyhead/tsconfig.json Version: 30 structureChanged: false structureIsReused:: Completely Elapsed: 13.697706013917923ms
Info 231  [21:36:21.300] Different program with same set of files
Info 232  [21:36:21.585] Starting updateGraphWorker: Project: /umetra/someoneinmyhead/tsconfig.json
Info 233  [21:36:21.596] Finishing updateGraphWorker: Project: /umetra/someoneinmyhead/tsconfig.json Version: 31 structureChanged: false structureIsReused:: Completely Elapsed: 11.405714988708496ms
Info 234  [21:36:21.597] Different program with same set of files
Info 235  [21:36:21.615] getCompletionData: Get current token: 0.011206984519958496
Info 236  [21:36:21.615] getCompletionData: Is inside comment: 0.053116023540496826
Info 237  [21:36:21.616] getCompletionData: Get previous token: 0.06278499960899353
Info 238  [21:36:21.616] getCompletionsAtPosition: isCompletionListBlocker: 0.013889998197555542
Info 239  [21:36:21.621] getExportInfoMap: cache hit
Info 240  [21:36:21.644] collectAutoImports: resolved 0 module specifiers, plus 0 ambient and 275 from cache
Info 241  [21:36:21.644] collectAutoImports: response is complete
Info 242  [21:36:21.644] collectAutoImports: 23.098785996437073
Info 243  [21:36:21.644] getCompletionData: Semantic work: 28.569507986307144
Info 244  [21:36:21.669] getCompletionsAtPosition: getCompletionEntriesFromSymbols: 24.135062009096146
Info 245  [21:36:23.065] Format host information updated
Info 246  [21:36:23.066] Format host information updated
Info 247  [21:36:23.067] Starting updateGraphWorker: Project: /umetra/someoneinmyhead/tsconfig.json
Info 248  [21:36:23.088] Finishing updateGraphWorker: Project: /umetra/someoneinmyhead/tsconfig.json Version: 32 structureChanged: false structureIsReused:: Completely Elapsed: 20.877914994955063ms
Info 249  [21:36:23.088] Different program with same set of files
Info 250  [21:36:23.088] getCompletionData: Get current token: 0.05498802661895752
Info 251  [21:36:23.089] getCompletionData: Is inside comment: 0.16003400087356567
Info 252  [21:36:23.089] getCompletionData: Get previous token: 0.19333001971244812
Info 253  [21:36:23.089] getCompletionsAtPosition: isCompletionListBlocker: 0.010659992694854736
Info 254  [21:36:23.095] getCompletionData: Semantic work: 5.299205005168915
Info 255  [21:36:23.099] getCompletionData: Get current token: 0.03890100121498108
Info 256  [21:36:23.099] getCompletionData: Is inside comment: 0.06678599119186401
Info 257  [21:36:23.099] getCompletionData: Get previous token: 0.11778801679611206
Info 258  [21:36:23.099] getCompletionsAtPosition: isCompletionListBlocker: 0.020242005586624146
Info 259  [21:36:23.104] getCompletionData: Semantic work: 4.46186101436615
Info 260  [21:36:24.024] Starting updateGraphWorker: Project: /umetra/someoneinmyhead/tsconfig.json
Info 261  [21:36:24.041] Finishing updateGraphWorker: Project: /umetra/someoneinmyhead/tsconfig.json Version: 33 structureChanged: false structureIsReused:: Completely Elapsed: 16.457170009613037ms
Info 262  [21:36:24.041] Different program with same set of files
Info 263  [21:36:24.577] Starting updateGraphWorker: Project: /umetra/someoneinmyhead/tsconfig.json
Info 264  [21:36:24.590] Finishing updateGraphWorker: Project: /umetra/someoneinmyhead/tsconfig.json Version: 34 structureChanged: false structureIsReused:: Completely Elapsed: 13.477095991373062ms
Info 265  [21:36:24.591] Different program with same set of files
Info 266  [21:36:30.452] Starting updateGraphWorker: Project: /umetra/someoneinmyhead/tsconfig.json
Info 267  [21:36:30.460] Finishing updateGraphWorker: Project: /umetra/someoneinmyhead/tsconfig.json Version: 35 structureChanged: false structureIsReused:: Completely Elapsed: 8.069478988647461ms
Info 268  [21:36:30.460] Different program with same set of files
Info 269  [21:36:30.467] getCompletionData: Get current token: 0.013053983449935913
Info 270  [21:36:30.467] getCompletionData: Is inside comment: 0.03715398907661438
Info 271  [21:36:30.467] getCompletionData: Get previous token: 0.06454601883888245
Info 272  [21:36:30.467] getCompletionsAtPosition: isCompletionListBlocker: 0.026625007390975952
Info 273  [21:36:30.467] getCompletionData: Semantic work: 0.054459989070892334
Info 274  [21:36:30.470] getCompletionsAtPosition: getCompletionEntriesFromSymbols: 0.08034297823905945
Info 275  [21:36:31.356] Starting updateGraphWorker: Project: /umetra/someoneinmyhead/tsconfig.json
Info 276  [21:36:31.360] Finishing updateGraphWorker: Project: /umetra/someoneinmyhead/tsconfig.json Version: 36 structureChanged: false structureIsReused:: Completely Elapsed: 4.352302998304367ms
Info 277  [21:36:31.360] Different program with same set of files
Info 278  [21:36:31.592] Starting updateGraphWorker: Project: /umetra/someoneinmyhead/tsconfig.json
Info 279  [21:36:31.612] Finishing updateGraphWorker: Project: /umetra/someoneinmyhead/tsconfig.json Version: 37 structureChanged: false structureIsReused:: Completely Elapsed: 19.70346102118492ms
Info 280  [21:36:31.612] Different program with same set of files
Info 281  [21:36:32.070] Starting updateGraphWorker: Project: /umetra/someoneinmyhead/tsconfig.json
Info 282  [21:36:32.077] Finishing updateGraphWorker: Project: /umetra/someoneinmyhead/tsconfig.json Version: 38 structureChanged: false structureIsReused:: Completely Elapsed: 7.115952014923096ms
Info 283  [21:36:32.077] Different program with same set of files
Info 284  [21:36:32.086] getCompletionData: Get current token: 0.011845976114273071
Info 285  [21:36:32.086] getCompletionData: Is inside comment: 0.03133299946784973
Info 286  [21:36:32.086] getCompletionData: Get previous token: 0.025012999773025513
Info 287  [21:36:32.086] getCompletionsAtPosition: isCompletionListBlocker: 0.007533997297286987
Info 288  [21:36:32.092] getExportInfoMap: cache hit
Info 289  [21:36:32.136] collectAutoImports: resolved 0 module specifiers, plus 0 ambient and 275 from cache
Info 290  [21:36:32.136] collectAutoImports: response is complete
Info 291  [21:36:32.136] collectAutoImports: 43.808308988809586
Info 292  [21:36:32.137] getCompletionData: Semantic work: 50.09558901190758
Info 293  [21:36:32.165] getCompletionsAtPosition: getCompletionEntriesFromSymbols: 28.665767014026642
Info 294  [21:36:33.211] Starting updateGraphWorker: Project: /umetra/someoneinmyhead/tsconfig.json
Info 295  [21:36:33.222] Finishing updateGraphWorker: Project: /umetra/someoneinmyhead/tsconfig.json Version: 39 structureChanged: false structureIsReused:: Completely Elapsed: 11.435124009847641ms
Info 296  [21:36:33.222] Different program with same set of files
Info 297  [21:37:11.216] Starting updateGraphWorker: Project: /umetra/someoneinmyhead/tsconfig.json
Info 298  [21:37:11.234] Finishing updateGraphWorker: Project: /umetra/someoneinmyhead/tsconfig.json Version: 40 structureChanged: false structureIsReused:: Completely Elapsed: 17.542912006378174ms
Info 299  [21:37:11.234] Different program with same set of files
Info 300  [21:37:11.628] Starting updateGraphWorker: Project: /umetra/someoneinmyhead/tsconfig.json
Info 301  [21:37:11.640] Finishing updateGraphWorker: Project: /umetra/someoneinmyhead/tsconfig.json Version: 41 structureChanged: false structureIsReused:: Completely Elapsed: 11.208445996046066ms
Info 302  [21:37:11.640] Different program with same set of files
Info 303  [21:37:11.946] Starting updateGraphWorker: Project: /umetra/someoneinmyhead/tsconfig.json
Info 304  [21:37:11.956] Finishing updateGraphWorker: Project: /umetra/someoneinmyhead/tsconfig.json Version: 42 structureChanged: false structureIsReused:: Completely Elapsed: 9.865933984518051ms
Info 305  [21:37:11.956] Different program with same set of files
Info 306  [21:37:13.032] Starting updateGraphWorker: Project: /umetra/someoneinmyhead/tsconfig.json
Info 307  [21:37:13.048] Finishing updateGraphWorker: Project: /umetra/someoneinmyhead/tsconfig.json Version: 43 structureChanged: false structureIsReused:: Completely Elapsed: 15.86700302362442ms
Info 308  [21:37:13.048] Different program with same set of files
Info 309  [21:37:13.282] Starting updateGraphWorker: Project: /umetra/someoneinmyhead/tsconfig.json
Info 310  [21:37:13.301] Finishing updateGraphWorker: Project: /umetra/someoneinmyhead/tsconfig.json Version: 44 structureChanged: false structureIsReused:: Completely Elapsed: 18.127753019332886ms
Info 311  [21:37:13.301] Different program with same set of files
Info 312  [21:37:13.319] getCompletionData: Get current token: 0.012838006019592285
Info 313  [21:37:13.319] getCompletionData: Is inside comment: 0.04561498761177063
Info 314  [21:37:13.319] getCompletionData: Get previous token: 0.034040987491607666
Info 315  [21:37:13.320] getCompletionsAtPosition: isCompletionListBlocker: 0.009651005268096924
Info 316  [21:37:13.325] getExportInfoMap: cache hit
Info 317  [21:37:13.350] collectAutoImports: resolved 0 module specifiers, plus 0 ambient and 275 from cache
Info 318  [21:37:13.351] collectAutoImports: response is complete
Info 319  [21:37:13.351] collectAutoImports: 25.68266600370407
Info 320  [21:37:13.351] getCompletionData: Semantic work: 30.97469899058342
Info 321  [21:37:13.373] getCompletionsAtPosition: getCompletionEntriesFromSymbols: 20.178705006837845
Info 322  [21:37:13.693] Starting updateGraphWorker: Project: /umetra/someoneinmyhead/tsconfig.json
Info 323  [21:37:13.704] Finishing updateGraphWorker: Project: /umetra/someoneinmyhead/tsconfig.json Version: 45 structureChanged: false structureIsReused:: Completely Elapsed: 11.527451008558273ms
Info 324  [21:37:13.705] Different program with same set of files
Info 325  [21:37:13.706] Starting updateGraphWorker: Project: /umetra/someoneinmyhead/tsconfig.json
Info 326  [21:37:13.719] Finishing updateGraphWorker: Project: /umetra/someoneinmyhead/tsconfig.json Version: 46 structureChanged: false structureIsReused:: Completely Elapsed: 13.496663987636566ms
Info 327  [21:37:13.720] Different program with same set of files
Info 328  [21:37:14.467] Starting updateGraphWorker: Project: /umetra/someoneinmyhead/tsconfig.json
Info 329  [21:37:14.483] Finishing updateGraphWorker: Project: /umetra/someoneinmyhead/tsconfig.json Version: 47 structureChanged: false structureIsReused:: Completely Elapsed: 15.296593010425568ms
Info 330  [21:37:14.483] Different program with same set of files
Info 331  [21:37:14.786] Starting updateGraphWorker: Project: /umetra/someoneinmyhead/tsconfig.json
Info 332  [21:37:14.799] Finishing updateGraphWorker: Project: /umetra/someoneinmyhead/tsconfig.json Version: 48 structureChanged: false structureIsReused:: Completely Elapsed: 12.860455006361008ms
Info 333  [21:37:14.800] Different program with same set of files
Info 334  [21:37:15.233] Starting updateGraphWorker: Project: /umetra/someoneinmyhead/tsconfig.json
Info 335  [21:37:15.241] Finishing updateGraphWorker: Project: /umetra/someoneinmyhead/tsconfig.json Version: 49 structureChanged: false structureIsReused:: Completely Elapsed: 7.203233987092972ms
Info 336  [21:37:15.241] Different program with same set of files
Info 337  [21:37:17.910] Starting updateGraphWorker: Project: /umetra/someoneinmyhead/tsconfig.json
Info 338  [21:37:17.925] Finishing updateGraphWorker: Project: /umetra/someoneinmyhead/tsconfig.json Version: 50 structureChanged: false structureIsReused:: Completely Elapsed: 14.883120000362396ms
Info 339  [21:37:17.925] Different program with same set of files
Info 340  [21:37:17.943] getCompletionData: Get current token: 0.013874024152755737
Info 341  [21:37:17.944] getCompletionData: Is inside comment: 0.054720014333724976
Info 342  [21:37:17.944] getCompletionData: Get previous token: 0.0668419897556305
Info 343  [21:37:17.944] getCompletionsAtPosition: isCompletionListBlocker: 0.06705102324485779
Info 344  [21:37:17.944] getCompletionData: Semantic work: 0.0880649983882904
Info 345  [21:37:17.945] getCompletionsAtPosition: getCompletionEntriesFromSymbols: 0.10297101736068726
Info 346  [21:37:18.263] Starting updateGraphWorker: Project: /umetra/someoneinmyhead/tsconfig.json
Info 347  [21:37:18.286] Finishing updateGraphWorker: Project: /umetra/someoneinmyhead/tsconfig.json Version: 51 structureChanged: false structureIsReused:: Completely Elapsed: 22.227805972099304ms
Info 348  [21:37:18.286] Different program with same set of files
Info 349  [21:37:19.474] Starting updateGraphWorker: Project: /umetra/someoneinmyhead/tsconfig.json
Info 350  [21:37:19.489] Finishing updateGraphWorker: Project: /umetra/someoneinmyhead/tsconfig.json Version: 52 structureChanged: false structureIsReused:: Completely Elapsed: 14.789948016405106ms
Info 351  [21:37:19.489] Different program with same set of files
Info 352  [21:37:19.872] Starting updateGraphWorker: Project: /umetra/someoneinmyhead/tsconfig.json
Info 353  [21:37:19.890] Finishing updateGraphWorker: Project: /umetra/someoneinmyhead/tsconfig.json Version: 53 structureChanged: false structureIsReused:: Completely Elapsed: 17.69360101222992ms
Info 354  [21:37:19.890] Different program with same set of files
Info 355  [21:37:19.904] getCompletionData: Get current token: 0.013411998748779297
Info 356  [21:37:19.904] getCompletionData: Is inside comment: 0.06438899040222168
Info 357  [21:37:19.904] getCompletionData: Get previous token: 0.04752299189567566
Info 358  [21:37:19.904] getCompletionsAtPosition: isCompletionListBlocker: 0.010244011878967285
Info 359  [21:37:19.913] getExportInfoMap: cache hit
Info 360  [21:37:19.944] collectAutoImports: resolved 0 module specifiers, plus 0 ambient and 275 from cache
Info 361  [21:37:19.944] collectAutoImports: response is complete
Info 362  [21:37:19.944] collectAutoImports: 30.76323500275612
Info 363  [21:37:19.944] getCompletionData: Semantic work: 39.942463010549545
Info 364  [21:37:19.968] getCompletionsAtPosition: getCompletionEntriesFromSymbols: 24.065522015094757
Info 365  [21:37:20.455] Starting updateGraphWorker: Project: /umetra/someoneinmyhead/tsconfig.json
Info 366  [21:37:20.471] Finishing updateGraphWorker: Project: /umetra/someoneinmyhead/tsconfig.json Version: 54 structureChanged: false structureIsReused:: Completely Elapsed: 15.555415004491806ms
Info 367  [21:37:20.471] Different program with same set of files
Info 368  [21:37:20.472] Starting updateGraphWorker: Project: /umetra/someoneinmyhead/tsconfig.json
Info 369  [21:37:20.493] Finishing updateGraphWorker: Project: /umetra/someoneinmyhead/tsconfig.json Version: 55 structureChanged: false structureIsReused:: Completely Elapsed: 20.92450100183487ms
Info 370  [21:37:20.494] Different program with same set of files
Info 371  [21:37:21.234] Starting updateGraphWorker: Project: /umetra/someoneinmyhead/tsconfig.json
Info 372  [21:37:21.259] Finishing updateGraphWorker: Project: /umetra/someoneinmyhead/tsconfig.json Version: 56 structureChanged: false structureIsReused:: Completely Elapsed: 24.899150013923645ms
Info 373  [21:37:21.259] Different program with same set of files
Info 374  [21:37:21.648] Starting updateGraphWorker: Project: /umetra/someoneinmyhead/tsconfig.json
Info 375  [21:37:21.660] Finishing updateGraphWorker: Project: /umetra/someoneinmyhead/tsconfig.json Version: 57 structureChanged: false structureIsReused:: Completely Elapsed: 11.608988016843796ms
Info 376  [21:37:21.660] Different program with same set of files
Info 377  [21:37:27.434] Starting updateGraphWorker: Project: /umetra/someoneinmyhead/tsconfig.json
Info 378  [21:37:27.444] Finishing updateGraphWorker: Project: /umetra/someoneinmyhead/tsconfig.json Version: 58 structureChanged: false structureIsReused:: Completely Elapsed: 9.326756983995438ms
Info 379  [21:37:27.444] Different program with same set of files
Info 380  [21:37:30.225] Starting updateGraphWorker: Project: /umetra/someoneinmyhead/tsconfig.json
Info 381  [21:37:30.235] Finishing updateGraphWorker: Project: /umetra/someoneinmyhead/tsconfig.json Version: 59 structureChanged: false structureIsReused:: Completely Elapsed: 9.133556991815567ms
Info 382  [21:37:30.235] Different program with same set of files
Info 383  [21:37:30.242] Starting updateGraphWorker: Project: /umetra/someoneinmyhead/tsconfig.json
Info 384  [21:37:30.258] Finishing updateGraphWorker: Project: /umetra/someoneinmyhead/tsconfig.json Version: 60 structureChanged: false structureIsReused:: Completely Elapsed: 15.426692008972168ms
Info 385  [21:37:30.258] Different program with same set of files
Info 386  [21:37:30.454] getCompletionData: Get current token: 0.03173398971557617
Info 387  [21:37:30.454] getCompletionData: Is inside comment: 0.01423102617263794
Info 388  [21:37:30.454] getCompletionData: Get previous token: 0.1853100061416626
Info 389  [21:37:30.455] getCompletionsAtPosition: isCompletionListBlocker: 0.013937026262283325
Info 390  [21:37:30.462] getExportInfoMap: cache hit
Info 391  [21:37:30.470] collectAutoImports: resolved 0 module specifiers, plus 0 ambient and 2 from cache
Info 392  [21:37:30.470] collectAutoImports: response is complete
Info 393  [21:37:30.470] collectAutoImports: 8.089804977178574
Info 394  [21:37:30.470] getCompletionData: Semantic work: 14.790553987026215
Info 395  [21:37:30.489] getCompletionsAtPosition: getCompletionEntriesFromSymbols: 17.143231987953186
Info 396  [21:37:31.004] Starting updateGraphWorker: Project: /umetra/someoneinmyhead/tsconfig.json
Info 397  [21:37:31.011] Finishing updateGraphWorker: Project: /umetra/someoneinmyhead/tsconfig.json Version: 61 structureChanged: false structureIsReused:: Completely Elapsed: 6.593423008918762ms
Info 398  [21:37:31.011] Different program with same set of files
Info 399  [21:37:31.235] Starting updateGraphWorker: Project: /umetra/someoneinmyhead/tsconfig.json
Info 400  [21:37:31.241] Finishing updateGraphWorker: Project: /umetra/someoneinmyhead/tsconfig.json Version: 62 structureChanged: false structureIsReused:: Completely Elapsed: 5.769303977489471ms
Info 401  [21:37:31.241] Different program with same set of files
Info 402  [21:37:31.247] getCompletionData: Get current token: 0.010753989219665527
Info 403  [21:37:31.247] getCompletionData: Is inside comment: 0.004723012447357178
Info 404  [21:37:31.247] getCompletionData: Get previous token: 0.05356800556182861
Info 405  [21:37:31.247] getCompletionsAtPosition: isCompletionListBlocker: 0.006742000579833984
Info 406  [21:37:31.251] getExportInfoMap: cache hit
Info 407  [21:37:31.257] collectAutoImports: resolved 0 module specifiers, plus 0 ambient and 0 from cache
Info 408  [21:37:31.257] collectAutoImports: response is complete
Info 409  [21:37:31.257] collectAutoImports: 6.338594019412994
Info 410  [21:37:31.257] getCompletionData: Semantic work: 10.2900730073452
Info 411  [21:37:31.276] getCompletionsAtPosition: getCompletionEntriesFromSymbols: 18.605006992816925
Info 412  [21:37:56.097] FileWatcher:: Triggered with /umetra/someoneinmyhead/.svelte-kit/tsconfig.json 1:: WatchInfo: /umetra/someoneinmyhead/.svelte-kit/tsconfig.json 2000 undefined Config: /umetra/someoneinmyhead/tsconfig.json WatchType: Extended config file
Info 413  [21:37:56.098] Elapsed:: 0.5243110060691833ms FileWatcher:: Triggered with /umetra/someoneinmyhead/.svelte-kit/tsconfig.json 1:: WatchInfo: /umetra/someoneinmyhead/.svelte-kit/tsconfig.json 2000 undefined Config: /umetra/someoneinmyhead/tsconfig.json WatchType: Extended config file
Info 414  [21:37:56.349] Reloading configured project /umetra/someoneinmyhead/tsconfig.json
Info 415  [21:37:56.369] Config: /umetra/someoneinmyhead/tsconfig.json : {
 "rootNames": [
  "/umetra/someoneinmyhead/src/app.d.ts",
  "/umetra/someoneinmyhead/src/lib/get-posts.ts",
  "/umetra/someoneinmyhead/src/lib/posts.ts",
  "/umetra/someoneinmyhead/src/lib/site.config.ts",
  "/umetra/someoneinmyhead/src/lib/stores.ts"
 ],
 "options": {
  "moduleResolution": 2,
  "module": 6,
  "lib": [
   "lib.es2020.d.ts",
   "lib.dom.d.ts"
  ],
  "target": 7,
  "importsNotUsedAsValues": 2,
  "preserveValueImports": true,
  "isolatedModules": true,
  "resolveJsonModule": true,
  "sourceMap": true,
  "esModuleInterop": true,
  "skipLibCheck": true,
  "forceConsistentCasingInFileNames": true,
  "baseUrl": "/umetra/someoneinmyhead",
  "allowJs": true,
  "checkJs": true,
  "paths": {
   "$lib": [
    "src/lib"
   ],
   "$lib/*": [
    "src/lib/*"
   ]
  },
  "rootDirs": [
   "/umetra/someoneinmyhead",
   "/umetra/someoneinmyhead/.svelte-kit/types"
  ],
  "pathsBasePath": "/umetra/someoneinmyhead/.svelte-kit",
  "configFilePath": "/umetra/someoneinmyhead/tsconfig.json"
 }
}
Info 416  [21:37:56.401] Starting updateGraphWorker: Project: /umetra/someoneinmyhead/tsconfig.json
Info 417  [21:37:56.401] Finishing updateGraphWorker: Project: /umetra/someoneinmyhead/tsconfig.json Version: 63 structureChanged: false structureIsReused:: Completely Elapsed: 0.4914129972457886ms
Info 418  [21:37:58.599] Before ensureProjectForOpenFiles:
Info 419  [21:37:58.600] After ensureProjectForOpenFiles:
Info 420  [21:37:58.601] got projects updated in background, updating diagnostics for /umetra/someoneinmyhead/src/lib/site.config.ts
Info 421  [21:38:06.100] FileWatcher:: Triggered with /umetra/someoneinmyhead/.svelte-kit/tsconfig.json 1:: WatchInfo: /umetra/someoneinmyhead/.svelte-kit/tsconfig.json 2000 undefined Config: /umetra/someoneinmyhead/tsconfig.json WatchType: Extended config file
Info 422  [21:38:06.100] Elapsed:: 0.09241801500320435ms FileWatcher:: Triggered with /umetra/someoneinmyhead/.svelte-kit/tsconfig.json 1:: WatchInfo: /umetra/someoneinmyhead/.svelte-kit/tsconfig.json 2000 undefined Config: /umetra/someoneinmyhead/tsconfig.json WatchType: Extended config file
Info 423  [21:38:06.350] Reloading configured project /umetra/someoneinmyhead/tsconfig.json
Info 424  [21:38:06.357] Config: /umetra/someoneinmyhead/tsconfig.json : {
 "rootNames": [
  "/umetra/someoneinmyhead/src/app.d.ts",
  "/umetra/someoneinmyhead/src/lib/get-posts.ts",
  "/umetra/someoneinmyhead/src/lib/posts.ts",
  "/umetra/someoneinmyhead/src/lib/site.config.ts",
  "/umetra/someoneinmyhead/src/lib/stores.ts"
 ],
 "options": {
  "moduleResolution": 2,
  "module": 6,
  "lib": [
   "lib.es2020.d.ts",
   "lib.dom.d.ts"
  ],
  "target": 7,
  "importsNotUsedAsValues": 2,
  "preserveValueImports": true,
  "isolatedModules": true,
  "resolveJsonModule": true,
  "sourceMap": true,
  "esModuleInterop": true,
  "skipLibCheck": true,
  "forceConsistentCasingInFileNames": true,
  "baseUrl": "/umetra/someoneinmyhead",
  "allowJs": true,
  "checkJs": true,
  "paths": {
   "$lib": [
    "src/lib"
   ],
   "$lib/*": [
    "src/lib/*"
   ]
  },
  "rootDirs": [
   "/umetra/someoneinmyhead",
   "/umetra/someoneinmyhead/.svelte-kit/types"
  ],
  "pathsBasePath": "/umetra/someoneinmyhead/.svelte-kit",
  "configFilePath": "/umetra/someoneinmyhead/tsconfig.json"
 }
}
Info 425  [21:38:06.366] Starting updateGraphWorker: Project: /umetra/someoneinmyhead/tsconfig.json
Info 426  [21:38:06.368] Finishing updateGraphWorker: Project: /umetra/someoneinmyhead/tsconfig.json Version: 64 structureChanged: false structureIsReused:: Completely Elapsed: 1.3457970023155212ms
Info 427  [21:38:08.600] Before ensureProjectForOpenFiles:
Info 428  [21:38:08.600] After ensureProjectForOpenFiles:
Info 429  [21:38:08.600] got projects updated in background, updating diagnostics for /umetra/someoneinmyhead/src/lib/site.config.ts
Info 430  [21:41:45.487] DirectoryWatcher:: Triggered with /umetra/someoneinmyhead/src/lib/components/Nav.svelte 0:: WatchInfo: /umetra/someoneinmyhead/src 1 undefined Config: /umetra/someoneinmyhead/tsconfig.json WatchType: Wild card directory
Info 431  [21:41:45.490] Project: /umetra/someoneinmyhead/tsconfig.json Detected file add/remove of non supported extension: /umetra/someoneinmyhead/src/lib/components/Nav.svelte
Info 432  [21:41:45.491] Elapsed:: 2.928815007209778ms DirectoryWatcher:: Triggered with /umetra/someoneinmyhead/src/lib/components/Nav.svelte 0:: WatchInfo: /umetra/someoneinmyhead/src 1 undefined Config: /umetra/someoneinmyhead/tsconfig.json WatchType: Wild card directory
Info 433  [21:41:45.491] DirectoryWatcher:: Triggered with /umetra/someoneinmyhead/src/lib/components/NavLinks 1:: WatchInfo: /umetra/someoneinmyhead/src 1 undefined Config: /umetra/someoneinmyhead/tsconfig.json WatchType: Wild card directory
Info 434  [21:41:45.493] Elapsed:: 1.6861589848995209ms DirectoryWatcher:: Triggered with /umetra/someoneinmyhead/src/lib/components/NavLinks 1:: WatchInfo: /umetra/someoneinmyhead/src 1 undefined Config: /umetra/someoneinmyhead/tsconfig.json WatchType: Wild card directory
Info 435  [21:41:45.493] DirectoryWatcher:: Triggered with /umetra/someoneinmyhead/src/lib/components/Nav.svelte 0:: WatchInfo: /umetra/someoneinmyhead/src 1 undefined Project: /umetra/someoneinmyhead/tsconfig.json WatchType: Failed Lookup Locations
Info 436  [21:41:45.494] Elapsed:: 0.9416849911212921ms DirectoryWatcher:: Triggered with /umetra/someoneinmyhead/src/lib/components/Nav.svelte 0:: WatchInfo: /umetra/someoneinmyhead/src 1 undefined Project: /umetra/someoneinmyhead/tsconfig.json WatchType: Failed Lookup Locations
Info 437  [21:41:45.494] DirectoryWatcher:: Triggered with /umetra/someoneinmyhead/src/lib/components/NavLinks 1:: WatchInfo: /umetra/someoneinmyhead/src 1 undefined Project: /umetra/someoneinmyhead/tsconfig.json WatchType: Failed Lookup Locations
Info 438  [21:41:45.494] Elapsed:: 0.24009400606155396ms DirectoryWatcher:: Triggered with /umetra/someoneinmyhead/src/lib/components/NavLinks 1:: WatchInfo: /umetra/someoneinmyhead/src 1 undefined Project: /umetra/someoneinmyhead/tsconfig.json WatchType: Failed Lookup Locations
Info 439  [21:41:45.748] Starting updateGraphWorker: Project: /umetra/someoneinmyhead/tsconfig.json
Info 440  [21:41:45.750] Finishing updateGraphWorker: Project: /umetra/someoneinmyhead/tsconfig.json Version: 65 structureChanged: false structureIsReused:: Completely Elapsed: 0.9941189885139465ms
Info 441  [21:41:47.993] Before ensureProjectForOpenFiles:
Info 442  [21:41:47.993] After ensureProjectForOpenFiles:
Info 443  [21:41:47.993] got projects updated in background, updating diagnostics for /umetra/someoneinmyhead/src/lib/site.config.ts
Info 444  [21:41:56.448] DirectoryWatcher:: Triggered with /umetra/someoneinmyhead/src/lib/components/NavLinks 0:: WatchInfo: /umetra/someoneinmyhead/src 1 undefined Config: /umetra/someoneinmyhead/tsconfig.json WatchType: Wild card directory
Info 445  [21:41:56.450] Elapsed:: 0.8793940246105194ms DirectoryWatcher:: Triggered with /umetra/someoneinmyhead/src/lib/components/NavLinks 0:: WatchInfo: /umetra/someoneinmyhead/src 1 undefined Config: /umetra/someoneinmyhead/tsconfig.json WatchType: Wild card directory
Info 446  [21:41:56.450] DirectoryWatcher:: Triggered with /umetra/someoneinmyhead/src/lib/components/NavLinks.svelte 1:: WatchInfo: /umetra/someoneinmyhead/src 1 undefined Config: /umetra/someoneinmyhead/tsconfig.json WatchType: Wild card directory
Info 447  [21:41:56.450] Project: /umetra/someoneinmyhead/tsconfig.json Detected file add/remove of non supported extension: /umetra/someoneinmyhead/src/lib/components/NavLinks.svelte
Info 448  [21:41:56.450] Elapsed:: 0.5045509934425354ms DirectoryWatcher:: Triggered with /umetra/someoneinmyhead/src/lib/components/NavLinks.svelte 1:: WatchInfo: /umetra/someoneinmyhead/src 1 undefined Config: /umetra/someoneinmyhead/tsconfig.json WatchType: Wild card directory
Info 449  [21:41:56.451] DirectoryWatcher:: Triggered with /umetra/someoneinmyhead/src/lib/components/NavLinks 0:: WatchInfo: /umetra/someoneinmyhead/src 1 undefined Project: /umetra/someoneinmyhead/tsconfig.json WatchType: Failed Lookup Locations
Info 450  [21:41:56.451] Elapsed:: 0.21494901180267334ms DirectoryWatcher:: Triggered with /umetra/someoneinmyhead/src/lib/components/NavLinks 0:: WatchInfo: /umetra/someoneinmyhead/src 1 undefined Project: /umetra/someoneinmyhead/tsconfig.json WatchType: Failed Lookup Locations
Info 451  [21:41:56.451] DirectoryWatcher:: Triggered with /umetra/someoneinmyhead/src/lib/components/NavLinks.svelte 1:: WatchInfo: /umetra/someoneinmyhead/src 1 undefined Project: /umetra/someoneinmyhead/tsconfig.json WatchType: Failed Lookup Locations
Info 452  [21:41:56.451] Elapsed:: 0.2356339991092682ms DirectoryWatcher:: Triggered with /umetra/someoneinmyhead/src/lib/components/NavLinks.svelte 1:: WatchInfo: /umetra/someoneinmyhead/src 1 undefined Project: /umetra/someoneinmyhead/tsconfig.json WatchType: Failed Lookup Locations
Info 453  [21:41:56.702] Starting updateGraphWorker: Project: /umetra/someoneinmyhead/tsconfig.json
Info 454  [21:41:56.703] Finishing updateGraphWorker: Project: /umetra/someoneinmyhead/tsconfig.json Version: 66 structureChanged: false structureIsReused:: Completely Elapsed: 0.8967120051383972ms
Info 455  [21:41:58.951] Before ensureProjectForOpenFiles:
Info 456  [21:41:58.951] After ensureProjectForOpenFiles:
Info 457  [21:41:58.951] got projects updated in background, updating diagnostics for /umetra/someoneinmyhead/src/lib/site.config.ts
Info 458  [21:42:56.863] DirectoryWatcher:: Triggered with /umetra/someoneinmyhead/src/lib/components/NavBar.svelte 0:: WatchInfo: /umetra/someoneinmyhead/src 1 undefined Config: /umetra/someoneinmyhead/tsconfig.json WatchType: Wild card directory
Info 459  [21:42:56.863] Project: /umetra/someoneinmyhead/tsconfig.json Detected file add/remove of non supported extension: /umetra/someoneinmyhead/src/lib/components/NavBar.svelte
Info 460  [21:42:56.863] Elapsed:: 0.2512030005455017ms DirectoryWatcher:: Triggered with /umetra/someoneinmyhead/src/lib/components/NavBar.svelte 0:: WatchInfo: /umetra/someoneinmyhead/src 1 undefined Config: /umetra/someoneinmyhead/tsconfig.json WatchType: Wild card directory
Info 461  [21:42:56.863] DirectoryWatcher:: Triggered with /umetra/someoneinmyhead/src/lib/components/NavBar.svelte 0:: WatchInfo: /umetra/someoneinmyhead/src 1 undefined Project: /umetra/someoneinmyhead/tsconfig.json WatchType: Failed Lookup Locations
Info 462  [21:42:56.864] Elapsed:: 0.20334398746490479ms DirectoryWatcher:: Triggered with /umetra/someoneinmyhead/src/lib/components/NavBar.svelte 0:: WatchInfo: /umetra/someoneinmyhead/src 1 undefined Project: /umetra/someoneinmyhead/tsconfig.json WatchType: Failed Lookup Locations
Info 463  [21:46:04.001] DirectoryWatcher:: Triggered with /umetra/someoneinmyhead/src/lib/components/NavBar.svelte 0:: WatchInfo: /umetra/someoneinmyhead/src 1 undefined Config: /umetra/someoneinmyhead/tsconfig.json WatchType: Wild card directory
Info 464  [21:46:04.002] Project: /umetra/someoneinmyhead/tsconfig.json Detected file add/remove of non supported extension: /umetra/someoneinmyhead/src/lib/components/NavBar.svelte
Info 465  [21:46:04.002] Elapsed:: 0.691771000623703ms DirectoryWatcher:: Triggered with /umetra/someoneinmyhead/src/lib/components/NavBar.svelte 0:: WatchInfo: /umetra/someoneinmyhead/src 1 undefined Config: /umetra/someoneinmyhead/tsconfig.json WatchType: Wild card directory
Info 466  [21:46:04.002] DirectoryWatcher:: Triggered with /umetra/someoneinmyhead/src/lib/components/NavBar.svelte 1:: WatchInfo: /umetra/someoneinmyhead/src 1 undefined Config: /umetra/someoneinmyhead/tsconfig.json WatchType: Wild card directory
Info 467  [21:46:04.002] Project: /umetra/someoneinmyhead/tsconfig.json Detected file add/remove of non supported extension: /umetra/someoneinmyhead/src/lib/components/NavBar.svelte
Info 468  [21:46:04.002] Elapsed:: 0.3572939932346344ms DirectoryWatcher:: Triggered with /umetra/someoneinmyhead/src/lib/components/NavBar.svelte 1:: WatchInfo: /umetra/someoneinmyhead/src 1 undefined Config: /umetra/someoneinmyhead/tsconfig.json WatchType: Wild card directory
Info 469  [21:46:04.002] DirectoryWatcher:: Triggered with /umetra/someoneinmyhead/src/lib/components/NavBar.svelte 0:: WatchInfo: /umetra/someoneinmyhead/src 1 undefined Project: /umetra/someoneinmyhead/tsconfig.json WatchType: Failed Lookup Locations
Info 470  [21:46:04.003] Elapsed:: 0.14806398749351501ms DirectoryWatcher:: Triggered with /umetra/someoneinmyhead/src/lib/components/NavBar.svelte 0:: WatchInfo: /umetra/someoneinmyhead/src 1 undefined Project: /umetra/someoneinmyhead/tsconfig.json WatchType: Failed Lookup Locations
Info 471  [21:46:04.003] DirectoryWatcher:: Triggered with /umetra/someoneinmyhead/src/lib/components/NavBar.svelte 1:: WatchInfo: /umetra/someoneinmyhead/src 1 undefined Project: /umetra/someoneinmyhead/tsconfig.json WatchType: Failed Lookup Locations
Info 472  [21:46:04.003] Elapsed:: 0.15931400656700134ms DirectoryWatcher:: Triggered with /umetra/someoneinmyhead/src/lib/components/NavBar.svelte 1:: WatchInfo: /umetra/someoneinmyhead/src 1 undefined Project: /umetra/someoneinmyhead/tsconfig.json WatchType: Failed Lookup Locations
